#
# There is insufficient memory for the Java Runtime Environment to continue.
# Native memory allocation (malloc) failed to allocate 464480 bytes for Chunk::new
# Possible reasons:
#   The system is out of physical RAM or swap space
#   The process is running with CompressedOops enabled, and the Java Heap may be blocking the growth of the native heap
# Possible solutions:
#   Reduce memory load on the system
#   Increase physical memory or swap space
#   Check if swap backing store is full
#   Decrease Java heap size (-Xmx/-Xms)
#   Decrease number of Java threads
#   Decrease Java thread stack sizes (-Xss)
#   Set larger code cache with -XX:ReservedCodeCacheSize=
#   JVM is running with Unscaled Compressed Oops mode in which the Java heap is
#     placed in the first 4GB address space. The Java Heap base address is the
#     maximum limit for the native heap growth. Please use -XX:HeapBaseMinAddress
#     to set the Java Heap base and to place the Java Heap above 4GB virtual address.
# This output file may be truncated or incomplete.
#
#  Out of Memory Error (arena.cpp:168), pid=13584, tid=26688
#
# JRE version: Java(TM) SE Runtime Environment (21.0.2+13) (build 21.0.2+13-LTS-58)
# Java VM: Java HotSpot(TM) 64-Bit Server VM (21.0.2+13-LTS-58, mixed mode, sharing, tiered, compressed oops, compressed class ptrs, g1 gc, windows-amd64)
# No core dump will be written. Minidumps are not enabled by default on client versions of Windows
#

---------------  S U M M A R Y ------------

Command Line: -Dfile.encoding=UTF-8 -Dstdout.encoding=UTF-8 -Dstderr.encoding=UTF-8 -XX:+ShowCodeDetailsInExceptionMessages com.springboot.todowebapp.TodowebappApplication

Host: Intel(R) Core(TM) i7-8565U CPU @ 1.80GHz, 8 cores, 7G,  Windows 11 , 64 bit Build 22621 (10.0.22621.3235)
Time: Fri Mar 29 20:01:58 2024 Sri Lanka Standard Time elapsed time: 0.635601 seconds (0d 0h 0m 0s)

---------------  T H R E A D  ---------------

Current thread (0x000001ffd17b7ca0):  JavaThread "C2 CompilerThread1" daemon [_thread_in_native, id=26688, stack(0x000000e148b00000,0x000000e148c00000) (1024K)]


Current CompileTask:
C2:    635 1536       4       org.springframework.boot.context.properties.source.ConfigurationPropertyName$ElementsParser::parse (234 bytes)

Stack: [0x000000e148b00000,0x000000e148c00000]
Native frames: (J=compiled Java code, j=interpreted, Vv=VM code, C=native code)
V  [jvm.dll+0x6cade9]
V  [jvm.dll+0x8569c1]
V  [jvm.dll+0x858d2e]
V  [jvm.dll+0x859413]
V  [jvm.dll+0x280e56]
V  [jvm.dll+0xc3f3d]
V  [jvm.dll+0xc4473]
V  [jvm.dll+0x3b5c2c]
V  [jvm.dll+0x1e2013]
V  [jvm.dll+0x249d22]
V  [jvm.dll+0x2491b1]
V  [jvm.dll+0x1c9634]
V  [jvm.dll+0x258859]
V  [jvm.dll+0x256e3a]
V  [jvm.dll+0x3ef6c6]
V  [jvm.dll+0x7ff568]
V  [jvm.dll+0x6c953d]
C  [ucrtbase.dll+0x29363]
C  [KERNEL32.DLL+0x1257d]
C  [ntdll.dll+0x5aa58]


---------------  P R O C E S S  ---------------

Threads class SMR info:
_java_thread_list=0x000002001796e760, length=15, elements={
0x000001ffb2b2a6e0, 0x000001ffd14d4840, 0x000001ffd14d5560, 0x000001ffd14d8730,
0x000001ffd14da180, 0x000001ffd14da810, 0x000001ffd14dbbc0, 0x000001ffd14ea040,
0x000001ffd14ed710, 0x000001ffd14d9af0, 0x000001ffd14daea0, 0x000001ffd17b7ca0,
0x000001ffd14dc250, 0x000001ffd14d9460, 0x000001ffd14db530
}

Java Threads: ( => current thread )
  0x000001ffb2b2a6e0 JavaThread "main"                              [_thread_blocked, id=28644, stack(0x000000e147900000,0x000000e147a00000) (1024K)]
  0x000001ffd14d4840 JavaThread "Reference Handler"          daemon [_thread_blocked, id=18812, stack(0x000000e148100000,0x000000e148200000) (1024K)]
  0x000001ffd14d5560 JavaThread "Finalizer"                  daemon [_thread_blocked, id=18456, stack(0x000000e148200000,0x000000e148300000) (1024K)]
  0x000001ffd14d8730 JavaThread "Signal Dispatcher"          daemon [_thread_blocked, id=16900, stack(0x000000e148300000,0x000000e148400000) (1024K)]
  0x000001ffd14da180 JavaThread "Attach Listener"            daemon [_thread_blocked, id=24604, stack(0x000000e148400000,0x000000e148500000) (1024K)]
  0x000001ffd14da810 JavaThread "Service Thread"             daemon [_thread_blocked, id=31576, stack(0x000000e148500000,0x000000e148600000) (1024K)]
  0x000001ffd14dbbc0 JavaThread "Monitor Deflation Thread"   daemon [_thread_blocked, id=30660, stack(0x000000e148600000,0x000000e148700000) (1024K)]
  0x000001ffd14ea040 JavaThread "C2 CompilerThread0"         daemon [_thread_in_native, id=19104, stack(0x000000e148700000,0x000000e148800000) (1024K)]
  0x000001ffd14ed710 JavaThread "C1 CompilerThread0"         daemon [_thread_blocked, id=5196, stack(0x000000e148800000,0x000000e148900000) (1024K)]
  0x000001ffd14d9af0 JavaThread "Notification Thread"        daemon [_thread_blocked, id=25364, stack(0x000000e148900000,0x000000e148a00000) (1024K)]
  0x000001ffd14daea0 JavaThread "Common-Cleaner"             daemon [_thread_blocked, id=3544, stack(0x000000e148a00000,0x000000e148b00000) (1024K)]
=>0x000001ffd17b7ca0 JavaThread "C2 CompilerThread1"         daemon [_thread_in_native, id=26688, stack(0x000000e148b00000,0x000000e148c00000) (1024K)]
  0x000001ffd14dc250 JavaThread "Thread-0"                          [_thread_blocked, id=12004, stack(0x000000e148c00000,0x000000e148d00000) (1024K)]
  0x000001ffd14d9460 JavaThread "restartedMain"                     [_thread_in_native, id=31048, stack(0x000000e148d00000,0x000000e148e00000) (1024K)]
  0x000001ffd14db530 JavaThread "background-preinit"                [_thread_in_vm, id=25260, stack(0x000000e149300000,0x000000e149400000) (1024K)]
Total: 15

Other Threads:
  0x000001ffd14b7ef0 VMThread "VM Thread"                           [id=25468, stack(0x000000e148000000,0x000000e148100000) (1024K)]
  0x000001ffd14a0eb0 WatcherThread "VM Periodic Task Thread"        [id=8240, stack(0x000000e147f00000,0x000000e148000000) (1024K)]
  0x000001ffb2c88b90 WorkerThread "GC Thread#0"                     [id=21356, stack(0x000000e147a00000,0x000000e147b00000) (1024K)]
  0x0000020017246830 WorkerThread "GC Thread#1"                     [id=16276, stack(0x000000e148e00000,0x000000e148f00000) (1024K)]
  0x00000200177b4120 WorkerThread "GC Thread#2"                     [id=12676, stack(0x000000e148f00000,0x000000e149000000) (1024K)]
  0x0000020017289a90 WorkerThread "GC Thread#3"                     [id=20444, stack(0x000000e149000000,0x000000e149100000) (1024K)]
  0x000002001733d910 WorkerThread "GC Thread#4"                     [id=9056, stack(0x000000e149100000,0x000000e149200000) (1024K)]
  0x000002001733e0b0 WorkerThread "GC Thread#5"                     [id=22448, stack(0x000000e149200000,0x000000e149300000) (1024K)]
  0x000001ffb2c9a750 ConcurrentGCThread "G1 Main Marker"            [id=31252, stack(0x000000e147b00000,0x000000e147c00000) (1024K)]
  0x000001ffb2c9b150 WorkerThread "G1 Conc#0"                       [id=18016, stack(0x000000e147c00000,0x000000e147d00000) (1024K)]
  0x000001ffb2cee610 ConcurrentGCThread "G1 Refine#0"               [id=26068, stack(0x000000e147d00000,0x000000e147e00000) (1024K)]
  0x000001ffd13712c0 ConcurrentGCThread "G1 Service"                [id=26152, stack(0x000000e147e00000,0x000000e147f00000) (1024K)]
Total: 12

Threads with active compile tasks:
C2 CompilerThread0      646 1572       4       jdk.internal.loader.URLClassPath::getResource (74 bytes)
C2 CompilerThread1      646 1536       4       org.springframework.boot.context.properties.source.ConfigurationPropertyName$ElementsParser::parse (234 bytes)
Total: 2

VM state: not at safepoint (normal execution)

VM Mutex/Monitor currently owned by a thread: None

Heap address: 0x0000000082400000, size: 2012 MB, Compressed Oops mode: 32-bit

CDS archive(s) mapped at: [0x000001ffd2000000-0x000001ffd2c90000-0x000001ffd2c90000), size 13172736, SharedBaseAddress: 0x000001ffd2000000, ArchiveRelocationMode: 1.
Compressed class space mapped at: 0x000001ffd3000000-0x0000020013000000, reserved size: 1073741824
Narrow klass base: 0x000001ffd2000000, Narrow klass shift: 0, Narrow klass range: 0x100000000

GC Precious Log:
 CardTable entry size: 512
 Card Set container configuration: InlinePtr #cards 5 size 8 Array Of Cards #cards 12 size 40 Howl #buckets 4 coarsen threshold 1843 Howl Bitmap #cards 512 size 80 coarsen threshold 460 Card regions per heap region 1 cards per card region 2048
 CPUs: 8 total, 8 available
 Memory: 8043M
 Large Page Support: Disabled
 NUMA Support: Disabled
 Compressed Oops: Enabled (32-bit)
 Heap Region Size: 1M
 Heap Min Capacity: 8M
 Heap Initial Capacity: 126M
 Heap Max Capacity: 2012M
 Pre-touch: Disabled
 Parallel Workers: 8
 Concurrent Workers: 2
 Concurrent Refinement Workers: 8
 Periodic GC: Disabled

Heap:
 garbage-first heap   total 129024K, used 16372K [0x0000000082400000, 0x0000000100000000)
  region size 1024K, 15 young (15360K), 3 survivors (3072K)
 Metaspace       used 9089K, committed 9408K, reserved 1114112K
  class space    used 1132K, committed 1280K, reserved 1048576K

Heap Regions: E=young(eden), S=young(survivor), O=old, HS=humongous(starts), HC=humongous(continues), CS=collection set, F=free, TAMS=top-at-mark-start, PB=parsable bottom
|   0|0x0000000082400000, 0x0000000082500000, 0x0000000082500000|100%| O|  |TAMS 0x0000000082400000| PB 0x0000000082400000| Untracked 
|   1|0x0000000082500000, 0x00000000825fd2f8, 0x0000000082600000| 98%| O|  |TAMS 0x0000000082500000| PB 0x0000000082500000| Untracked 
|   2|0x0000000082600000, 0x0000000082600000, 0x0000000082700000|  0%| F|  |TAMS 0x0000000082600000| PB 0x0000000082600000| Untracked 
|   3|0x0000000082700000, 0x0000000082700000, 0x0000000082800000|  0%| F|  |TAMS 0x0000000082700000| PB 0x0000000082700000| Untracked 
|   4|0x0000000082800000, 0x0000000082800000, 0x0000000082900000|  0%| F|  |TAMS 0x0000000082800000| PB 0x0000000082800000| Untracked 
|   5|0x0000000082900000, 0x0000000082900000, 0x0000000082a00000|  0%| F|  |TAMS 0x0000000082900000| PB 0x0000000082900000| Untracked 
|   6|0x0000000082a00000, 0x0000000082a00000, 0x0000000082b00000|  0%| F|  |TAMS 0x0000000082a00000| PB 0x0000000082a00000| Untracked 
|   7|0x0000000082b00000, 0x0000000082b00000, 0x0000000082c00000|  0%| F|  |TAMS 0x0000000082b00000| PB 0x0000000082b00000| Untracked 
|   8|0x0000000082c00000, 0x0000000082c00000, 0x0000000082d00000|  0%| F|  |TAMS 0x0000000082c00000| PB 0x0000000082c00000| Untracked 
|   9|0x0000000082d00000, 0x0000000082d00000, 0x0000000082e00000|  0%| F|  |TAMS 0x0000000082d00000| PB 0x0000000082d00000| Untracked 
|  10|0x0000000082e00000, 0x0000000082e00000, 0x0000000082f00000|  0%| F|  |TAMS 0x0000000082e00000| PB 0x0000000082e00000| Untracked 
|  11|0x0000000082f00000, 0x0000000082f00000, 0x0000000083000000|  0%| F|  |TAMS 0x0000000082f00000| PB 0x0000000082f00000| Untracked 
|  12|0x0000000083000000, 0x0000000083000000, 0x0000000083100000|  0%| F|  |TAMS 0x0000000083000000| PB 0x0000000083000000| Untracked 
|  13|0x0000000083100000, 0x0000000083100000, 0x0000000083200000|  0%| F|  |TAMS 0x0000000083100000| PB 0x0000000083100000| Untracked 
|  14|0x0000000083200000, 0x0000000083200000, 0x0000000083300000|  0%| F|  |TAMS 0x0000000083200000| PB 0x0000000083200000| Untracked 
|  15|0x0000000083300000, 0x0000000083300000, 0x0000000083400000|  0%| F|  |TAMS 0x0000000083300000| PB 0x0000000083300000| Untracked 
|  16|0x0000000083400000, 0x0000000083400000, 0x0000000083500000|  0%| F|  |TAMS 0x0000000083400000| PB 0x0000000083400000| Untracked 
|  17|0x0000000083500000, 0x0000000083500000, 0x0000000083600000|  0%| F|  |TAMS 0x0000000083500000| PB 0x0000000083500000| Untracked 
|  18|0x0000000083600000, 0x0000000083600000, 0x0000000083700000|  0%| F|  |TAMS 0x0000000083600000| PB 0x0000000083600000| Untracked 
|  19|0x0000000083700000, 0x0000000083700000, 0x0000000083800000|  0%| F|  |TAMS 0x0000000083700000| PB 0x0000000083700000| Untracked 
|  20|0x0000000083800000, 0x0000000083800000, 0x0000000083900000|  0%| F|  |TAMS 0x0000000083800000| PB 0x0000000083800000| Untracked 
|  21|0x0000000083900000, 0x0000000083900000, 0x0000000083a00000|  0%| F|  |TAMS 0x0000000083900000| PB 0x0000000083900000| Untracked 
|  22|0x0000000083a00000, 0x0000000083a00000, 0x0000000083b00000|  0%| F|  |TAMS 0x0000000083a00000| PB 0x0000000083a00000| Untracked 
|  23|0x0000000083b00000, 0x0000000083b00000, 0x0000000083c00000|  0%| F|  |TAMS 0x0000000083b00000| PB 0x0000000083b00000| Untracked 
|  24|0x0000000083c00000, 0x0000000083c00000, 0x0000000083d00000|  0%| F|  |TAMS 0x0000000083c00000| PB 0x0000000083c00000| Untracked 
|  25|0x0000000083d00000, 0x0000000083d00000, 0x0000000083e00000|  0%| F|  |TAMS 0x0000000083d00000| PB 0x0000000083d00000| Untracked 
|  26|0x0000000083e00000, 0x0000000083e00000, 0x0000000083f00000|  0%| F|  |TAMS 0x0000000083e00000| PB 0x0000000083e00000| Untracked 
|  27|0x0000000083f00000, 0x0000000083f00000, 0x0000000084000000|  0%| F|  |TAMS 0x0000000083f00000| PB 0x0000000083f00000| Untracked 
|  28|0x0000000084000000, 0x0000000084000000, 0x0000000084100000|  0%| F|  |TAMS 0x0000000084000000| PB 0x0000000084000000| Untracked 
|  29|0x0000000084100000, 0x0000000084100000, 0x0000000084200000|  0%| F|  |TAMS 0x0000000084100000| PB 0x0000000084100000| Untracked 
|  30|0x0000000084200000, 0x0000000084200000, 0x0000000084300000|  0%| F|  |TAMS 0x0000000084200000| PB 0x0000000084200000| Untracked 
|  31|0x0000000084300000, 0x0000000084300000, 0x0000000084400000|  0%| F|  |TAMS 0x0000000084300000| PB 0x0000000084300000| Untracked 
|  32|0x0000000084400000, 0x0000000084400000, 0x0000000084500000|  0%| F|  |TAMS 0x0000000084400000| PB 0x0000000084400000| Untracked 
|  33|0x0000000084500000, 0x0000000084500000, 0x0000000084600000|  0%| F|  |TAMS 0x0000000084500000| PB 0x0000000084500000| Untracked 
|  34|0x0000000084600000, 0x0000000084600000, 0x0000000084700000|  0%| F|  |TAMS 0x0000000084600000| PB 0x0000000084600000| Untracked 
|  35|0x0000000084700000, 0x0000000084700000, 0x0000000084800000|  0%| F|  |TAMS 0x0000000084700000| PB 0x0000000084700000| Untracked 
|  36|0x0000000084800000, 0x0000000084800000, 0x0000000084900000|  0%| F|  |TAMS 0x0000000084800000| PB 0x0000000084800000| Untracked 
|  37|0x0000000084900000, 0x0000000084900000, 0x0000000084a00000|  0%| F|  |TAMS 0x0000000084900000| PB 0x0000000084900000| Untracked 
|  38|0x0000000084a00000, 0x0000000084a00000, 0x0000000084b00000|  0%| F|  |TAMS 0x0000000084a00000| PB 0x0000000084a00000| Untracked 
|  39|0x0000000084b00000, 0x0000000084b00000, 0x0000000084c00000|  0%| F|  |TAMS 0x0000000084b00000| PB 0x0000000084b00000| Untracked 
|  40|0x0000000084c00000, 0x0000000084c00000, 0x0000000084d00000|  0%| F|  |TAMS 0x0000000084c00000| PB 0x0000000084c00000| Untracked 
|  41|0x0000000084d00000, 0x0000000084d00000, 0x0000000084e00000|  0%| F|  |TAMS 0x0000000084d00000| PB 0x0000000084d00000| Untracked 
|  42|0x0000000084e00000, 0x0000000084e00000, 0x0000000084f00000|  0%| F|  |TAMS 0x0000000084e00000| PB 0x0000000084e00000| Untracked 
|  43|0x0000000084f00000, 0x0000000084f00000, 0x0000000085000000|  0%| F|  |TAMS 0x0000000084f00000| PB 0x0000000084f00000| Untracked 
|  44|0x0000000085000000, 0x0000000085000000, 0x0000000085100000|  0%| F|  |TAMS 0x0000000085000000| PB 0x0000000085000000| Untracked 
|  45|0x0000000085100000, 0x0000000085100000, 0x0000000085200000|  0%| F|  |TAMS 0x0000000085100000| PB 0x0000000085100000| Untracked 
|  46|0x0000000085200000, 0x0000000085200000, 0x0000000085300000|  0%| F|  |TAMS 0x0000000085200000| PB 0x0000000085200000| Untracked 
|  47|0x0000000085300000, 0x0000000085300000, 0x0000000085400000|  0%| F|  |TAMS 0x0000000085300000| PB 0x0000000085300000| Untracked 
|  48|0x0000000085400000, 0x0000000085400000, 0x0000000085500000|  0%| F|  |TAMS 0x0000000085400000| PB 0x0000000085400000| Untracked 
|  49|0x0000000085500000, 0x0000000085500000, 0x0000000085600000|  0%| F|  |TAMS 0x0000000085500000| PB 0x0000000085500000| Untracked 
|  50|0x0000000085600000, 0x0000000085600000, 0x0000000085700000|  0%| F|  |TAMS 0x0000000085600000| PB 0x0000000085600000| Untracked 
|  51|0x0000000085700000, 0x0000000085700000, 0x0000000085800000|  0%| F|  |TAMS 0x0000000085700000| PB 0x0000000085700000| Untracked 
|  52|0x0000000085800000, 0x0000000085800000, 0x0000000085900000|  0%| F|  |TAMS 0x0000000085800000| PB 0x0000000085800000| Untracked 
|  53|0x0000000085900000, 0x0000000085900000, 0x0000000085a00000|  0%| F|  |TAMS 0x0000000085900000| PB 0x0000000085900000| Untracked 
|  54|0x0000000085a00000, 0x0000000085a00000, 0x0000000085b00000|  0%| F|  |TAMS 0x0000000085a00000| PB 0x0000000085a00000| Untracked 
|  55|0x0000000085b00000, 0x0000000085b00000, 0x0000000085c00000|  0%| F|  |TAMS 0x0000000085b00000| PB 0x0000000085b00000| Untracked 
|  56|0x0000000085c00000, 0x0000000085c00000, 0x0000000085d00000|  0%| F|  |TAMS 0x0000000085c00000| PB 0x0000000085c00000| Untracked 
|  57|0x0000000085d00000, 0x0000000085d00000, 0x0000000085e00000|  0%| F|  |TAMS 0x0000000085d00000| PB 0x0000000085d00000| Untracked 
|  58|0x0000000085e00000, 0x0000000085e00000, 0x0000000085f00000|  0%| F|  |TAMS 0x0000000085e00000| PB 0x0000000085e00000| Untracked 
|  59|0x0000000085f00000, 0x0000000085f00000, 0x0000000086000000|  0%| F|  |TAMS 0x0000000085f00000| PB 0x0000000085f00000| Untracked 
|  60|0x0000000086000000, 0x0000000086000000, 0x0000000086100000|  0%| F|  |TAMS 0x0000000086000000| PB 0x0000000086000000| Untracked 
|  61|0x0000000086100000, 0x0000000086100000, 0x0000000086200000|  0%| F|  |TAMS 0x0000000086100000| PB 0x0000000086100000| Untracked 
|  62|0x0000000086200000, 0x0000000086200000, 0x0000000086300000|  0%| F|  |TAMS 0x0000000086200000| PB 0x0000000086200000| Untracked 
|  63|0x0000000086300000, 0x0000000086300000, 0x0000000086400000|  0%| F|  |TAMS 0x0000000086300000| PB 0x0000000086300000| Untracked 
|  64|0x0000000086400000, 0x0000000086400000, 0x0000000086500000|  0%| F|  |TAMS 0x0000000086400000| PB 0x0000000086400000| Untracked 
|  65|0x0000000086500000, 0x0000000086500000, 0x0000000086600000|  0%| F|  |TAMS 0x0000000086500000| PB 0x0000000086500000| Untracked 
|  66|0x0000000086600000, 0x0000000086600000, 0x0000000086700000|  0%| F|  |TAMS 0x0000000086600000| PB 0x0000000086600000| Untracked 
|  67|0x0000000086700000, 0x0000000086700000, 0x0000000086800000|  0%| F|  |TAMS 0x0000000086700000| PB 0x0000000086700000| Untracked 
|  68|0x0000000086800000, 0x0000000086800000, 0x0000000086900000|  0%| F|  |TAMS 0x0000000086800000| PB 0x0000000086800000| Untracked 
|  69|0x0000000086900000, 0x0000000086900000, 0x0000000086a00000|  0%| F|  |TAMS 0x0000000086900000| PB 0x0000000086900000| Untracked 
|  70|0x0000000086a00000, 0x0000000086a00000, 0x0000000086b00000|  0%| F|  |TAMS 0x0000000086a00000| PB 0x0000000086a00000| Untracked 
|  71|0x0000000086b00000, 0x0000000086b00000, 0x0000000086c00000|  0%| F|  |TAMS 0x0000000086b00000| PB 0x0000000086b00000| Untracked 
|  72|0x0000000086c00000, 0x0000000086c00000, 0x0000000086d00000|  0%| F|  |TAMS 0x0000000086c00000| PB 0x0000000086c00000| Untracked 
|  73|0x0000000086d00000, 0x0000000086d00000, 0x0000000086e00000|  0%| F|  |TAMS 0x0000000086d00000| PB 0x0000000086d00000| Untracked 
|  74|0x0000000086e00000, 0x0000000086e00000, 0x0000000086f00000|  0%| F|  |TAMS 0x0000000086e00000| PB 0x0000000086e00000| Untracked 
|  75|0x0000000086f00000, 0x0000000086f00000, 0x0000000087000000|  0%| F|  |TAMS 0x0000000086f00000| PB 0x0000000086f00000| Untracked 
|  76|0x0000000087000000, 0x0000000087000000, 0x0000000087100000|  0%| F|  |TAMS 0x0000000087000000| PB 0x0000000087000000| Untracked 
|  77|0x0000000087100000, 0x0000000087100000, 0x0000000087200000|  0%| F|  |TAMS 0x0000000087100000| PB 0x0000000087100000| Untracked 
|  78|0x0000000087200000, 0x0000000087200000, 0x0000000087300000|  0%| F|  |TAMS 0x0000000087200000| PB 0x0000000087200000| Untracked 
|  79|0x0000000087300000, 0x0000000087300000, 0x0000000087400000|  0%| F|  |TAMS 0x0000000087300000| PB 0x0000000087300000| Untracked 
|  80|0x0000000087400000, 0x0000000087400000, 0x0000000087500000|  0%| F|  |TAMS 0x0000000087400000| PB 0x0000000087400000| Untracked 
|  81|0x0000000087500000, 0x0000000087500000, 0x0000000087600000|  0%| F|  |TAMS 0x0000000087500000| PB 0x0000000087500000| Untracked 
|  82|0x0000000087600000, 0x0000000087600000, 0x0000000087700000|  0%| F|  |TAMS 0x0000000087600000| PB 0x0000000087600000| Untracked 
|  83|0x0000000087700000, 0x0000000087700000, 0x0000000087800000|  0%| F|  |TAMS 0x0000000087700000| PB 0x0000000087700000| Untracked 
|  84|0x0000000087800000, 0x0000000087800000, 0x0000000087900000|  0%| F|  |TAMS 0x0000000087800000| PB 0x0000000087800000| Untracked 
|  85|0x0000000087900000, 0x0000000087900000, 0x0000000087a00000|  0%| F|  |TAMS 0x0000000087900000| PB 0x0000000087900000| Untracked 
|  86|0x0000000087a00000, 0x0000000087a00000, 0x0000000087b00000|  0%| F|  |TAMS 0x0000000087a00000| PB 0x0000000087a00000| Untracked 
|  87|0x0000000087b00000, 0x0000000087b00000, 0x0000000087c00000|  0%| F|  |TAMS 0x0000000087b00000| PB 0x0000000087b00000| Untracked 
|  88|0x0000000087c00000, 0x0000000087c00000, 0x0000000087d00000|  0%| F|  |TAMS 0x0000000087c00000| PB 0x0000000087c00000| Untracked 
|  89|0x0000000087d00000, 0x0000000087d00000, 0x0000000087e00000|  0%| F|  |TAMS 0x0000000087d00000| PB 0x0000000087d00000| Untracked 
|  90|0x0000000087e00000, 0x0000000087e00000, 0x0000000087f00000|  0%| F|  |TAMS 0x0000000087e00000| PB 0x0000000087e00000| Untracked 
|  91|0x0000000087f00000, 0x0000000087f00000, 0x0000000088000000|  0%| F|  |TAMS 0x0000000087f00000| PB 0x0000000087f00000| Untracked 
|  92|0x0000000088000000, 0x0000000088000000, 0x0000000088100000|  0%| F|  |TAMS 0x0000000088000000| PB 0x0000000088000000| Untracked 
|  93|0x0000000088100000, 0x0000000088100000, 0x0000000088200000|  0%| F|  |TAMS 0x0000000088100000| PB 0x0000000088100000| Untracked 
|  94|0x0000000088200000, 0x0000000088200000, 0x0000000088300000|  0%| F|  |TAMS 0x0000000088200000| PB 0x0000000088200000| Untracked 
|  95|0x0000000088300000, 0x0000000088300000, 0x0000000088400000|  0%| F|  |TAMS 0x0000000088300000| PB 0x0000000088300000| Untracked 
|  96|0x0000000088400000, 0x0000000088400000, 0x0000000088500000|  0%| F|  |TAMS 0x0000000088400000| PB 0x0000000088400000| Untracked 
|  97|0x0000000088500000, 0x0000000088500000, 0x0000000088600000|  0%| F|  |TAMS 0x0000000088500000| PB 0x0000000088500000| Untracked 
|  98|0x0000000088600000, 0x0000000088600000, 0x0000000088700000|  0%| F|  |TAMS 0x0000000088600000| PB 0x0000000088600000| Untracked 
|  99|0x0000000088700000, 0x0000000088700000, 0x0000000088800000|  0%| F|  |TAMS 0x0000000088700000| PB 0x0000000088700000| Untracked 
| 100|0x0000000088800000, 0x0000000088900000, 0x0000000088900000|100%| S|CS|TAMS 0x0000000088800000| PB 0x0000000088800000| Complete 
| 101|0x0000000088900000, 0x0000000088a00000, 0x0000000088a00000|100%| S|CS|TAMS 0x0000000088900000| PB 0x0000000088900000| Complete 
| 102|0x0000000088a00000, 0x0000000088b00000, 0x0000000088b00000|100%| S|CS|TAMS 0x0000000088a00000| PB 0x0000000088a00000| Complete 
| 103|0x0000000088b00000, 0x0000000088b00000, 0x0000000088c00000|  0%| F|  |TAMS 0x0000000088b00000| PB 0x0000000088b00000| Untracked 
| 104|0x0000000088c00000, 0x0000000088c00000, 0x0000000088d00000|  0%| F|  |TAMS 0x0000000088c00000| PB 0x0000000088c00000| Untracked 
| 105|0x0000000088d00000, 0x0000000088d00000, 0x0000000088e00000|  0%| F|  |TAMS 0x0000000088d00000| PB 0x0000000088d00000| Untracked 
| 106|0x0000000088e00000, 0x0000000088e00000, 0x0000000088f00000|  0%| F|  |TAMS 0x0000000088e00000| PB 0x0000000088e00000| Untracked 
| 107|0x0000000088f00000, 0x0000000088f00000, 0x0000000089000000|  0%| F|  |TAMS 0x0000000088f00000| PB 0x0000000088f00000| Untracked 
| 108|0x0000000089000000, 0x0000000089000000, 0x0000000089100000|  0%| F|  |TAMS 0x0000000089000000| PB 0x0000000089000000| Untracked 
| 109|0x0000000089100000, 0x0000000089100000, 0x0000000089200000|  0%| F|  |TAMS 0x0000000089100000| PB 0x0000000089100000| Untracked 
| 110|0x0000000089200000, 0x0000000089200000, 0x0000000089300000|  0%| F|  |TAMS 0x0000000089200000| PB 0x0000000089200000| Untracked 
| 111|0x0000000089300000, 0x0000000089300000, 0x0000000089400000|  0%| F|  |TAMS 0x0000000089300000| PB 0x0000000089300000| Untracked 
| 112|0x0000000089400000, 0x0000000089400000, 0x0000000089500000|  0%| F|  |TAMS 0x0000000089400000| PB 0x0000000089400000| Untracked 
| 113|0x0000000089500000, 0x0000000089500000, 0x0000000089600000|  0%| F|  |TAMS 0x0000000089500000| PB 0x0000000089500000| Untracked 
| 114|0x0000000089600000, 0x0000000089697c58, 0x0000000089700000| 59%| E|  |TAMS 0x0000000089600000| PB 0x0000000089600000| Complete 
| 115|0x0000000089700000, 0x0000000089800000, 0x0000000089800000|100%| E|CS|TAMS 0x0000000089700000| PB 0x0000000089700000| Complete 
| 116|0x0000000089800000, 0x0000000089900000, 0x0000000089900000|100%| E|CS|TAMS 0x0000000089800000| PB 0x0000000089800000| Complete 
| 117|0x0000000089900000, 0x0000000089a00000, 0x0000000089a00000|100%| E|CS|TAMS 0x0000000089900000| PB 0x0000000089900000| Complete 
| 118|0x0000000089a00000, 0x0000000089b00000, 0x0000000089b00000|100%| E|CS|TAMS 0x0000000089a00000| PB 0x0000000089a00000| Complete 
| 119|0x0000000089b00000, 0x0000000089c00000, 0x0000000089c00000|100%| E|CS|TAMS 0x0000000089b00000| PB 0x0000000089b00000| Complete 
| 120|0x0000000089c00000, 0x0000000089d00000, 0x0000000089d00000|100%| E|CS|TAMS 0x0000000089c00000| PB 0x0000000089c00000| Complete 
| 121|0x0000000089d00000, 0x0000000089e00000, 0x0000000089e00000|100%| E|CS|TAMS 0x0000000089d00000| PB 0x0000000089d00000| Complete 
| 122|0x0000000089e00000, 0x0000000089f00000, 0x0000000089f00000|100%| E|CS|TAMS 0x0000000089e00000| PB 0x0000000089e00000| Complete 
| 123|0x0000000089f00000, 0x000000008a000000, 0x000000008a000000|100%| E|CS|TAMS 0x0000000089f00000| PB 0x0000000089f00000| Complete 
| 124|0x000000008a000000, 0x000000008a100000, 0x000000008a100000|100%| E|CS|TAMS 0x000000008a000000| PB 0x000000008a000000| Complete 
| 125|0x000000008a100000, 0x000000008a200000, 0x000000008a200000|100%| E|CS|TAMS 0x000000008a100000| PB 0x000000008a100000| Complete 

Card table byte_map: [0x000001ffcc6c0000,0x000001ffccab0000] _byte_map_base: 0x000001ffcc2ae000

Marking Bits: (CMBitMap*) 0x000001ffb2c89190
 Bits: [0x000001ffccab0000, 0x000001ffcea20000)

Polling page: 0x000001ffb2cf0000

Metaspace:

Usage:
  Non-class:      7.80 MB used.
      Class:      1.11 MB used.
       Both:      8.91 MB used.

Virtual space:
  Non-class space:       64.00 MB reserved,       8.00 MB ( 12%) committed,  1 nodes.
      Class space:        1.00 GB reserved,       1.25 MB ( <1%) committed,  1 nodes.
             Both:        1.06 GB reserved,       9.25 MB ( <1%) committed. 

Chunk freelists:
   Non-Class:  7.42 MB
       Class:  14.66 MB
        Both:  22.08 MB

MaxMetaspaceSize: unlimited
CompressedClassSpaceSize: 1.00 GB
Initial GC threshold: 21.00 MB
Current GC threshold: 21.00 MB
CDS: on
 - commit_granule_bytes: 65536.
 - commit_granule_words: 8192.
 - virtual_space_node_default_size: 8388608.
 - enlarge_chunks_in_place: 1.
 - use_allocation_guard: 0.


Internal statistics:

num_allocs_failed_limit: 0.
num_arena_births: 246.
num_arena_deaths: 0.
num_vsnodes_births: 2.
num_vsnodes_deaths: 0.
num_space_committed: 148.
num_space_uncommitted: 0.
num_chunks_returned_to_freelist: 0.
num_chunks_taken_from_freelist: 576.
num_chunk_merges: 0.
num_chunk_splits: 334.
num_chunks_enlarged: 189.
num_inconsistent_stats: 0.

CodeHeap 'non-profiled nmethods': size=120000Kb used=567Kb max_used=567Kb free=119432Kb
 bounds [0x000001ffc4330000, 0x000001ffc45a0000, 0x000001ffcb860000]
CodeHeap 'profiled nmethods': size=120000Kb used=2924Kb max_used=2924Kb free=117075Kb
 bounds [0x000001ffbc860000, 0x000001ffbcb40000, 0x000001ffc3d90000]
CodeHeap 'non-nmethods': size=5760Kb used=1383Kb max_used=1407Kb free=4376Kb
 bounds [0x000001ffc3d90000, 0x000001ffc4000000, 0x000001ffc4330000]
 total_blobs=2091 nmethods=1611 adapters=384
 compilation: enabled
              stopped_count=0, restarted_count=0
 full_count=0

Compilation events (20 events):
Event: 0.629 Thread 0x000001ffd14ed710 1595       3       org.springframework.core.ResolvableType::toClass (7 bytes)
Event: 0.629 Thread 0x000001ffd14ed710 nmethod 1595 0x000001ffbcb35090 code [0x000001ffbcb35240, 0x000001ffbcb354a8]
Event: 0.629 Thread 0x000001ffd14ed710 1598       3       org.springframework.core.ResolvableType::equalsType (34 bytes)
Event: 0.629 Thread 0x000001ffd14ed710 nmethod 1598 0x000001ffbcb35590 code [0x000001ffbcb35740, 0x000001ffbcb35950]
Event: 0.629 Thread 0x000001ffd14ed710 1599       3       org.springframework.core.convert.support.GenericConversionService$Converters::getMatchableConverters (19 bytes)
Event: 0.630 Thread 0x000001ffd14ed710 nmethod 1599 0x000001ffbcb35a90 code [0x000001ffbcb35c60, 0x000001ffbcb36068]
Event: 0.630 Thread 0x000001ffd14ed710 1600       3       org.springframework.core.convert.support.GenericConversionService$ConvertersForPair::add (11 bytes)
Event: 0.630 Thread 0x000001ffd14ed710 nmethod 1600 0x000001ffbcb36190 code [0x000001ffbcb36340, 0x000001ffbcb36518]
Event: 0.630 Thread 0x000001ffd14ed710 1601       3       java.util.concurrent.ConcurrentLinkedDeque::addFirst (6 bytes)
Event: 0.630 Thread 0x000001ffd14ed710 nmethod 1601 0x000001ffbcb36610 code [0x000001ffbcb367c0, 0x000001ffbcb368f8]
Event: 0.630 Thread 0x000001ffd14ed710 1586       3       java.util.ImmutableCollections$Set12::contains (28 bytes)
Event: 0.630 Thread 0x000001ffd14ed710 nmethod 1586 0x000001ffbcb36990 code [0x000001ffbcb36b60, 0x000001ffbcb36ea8]
Event: 0.630 Thread 0x000001ffd14ed710 1602       3       org.springframework.boot.context.properties.source.ConfigurationPropertyName::equals (86 bytes)
Event: 0.631 Thread 0x000001ffd14ed710 nmethod 1602 0x000001ffbcb36f90 code [0x000001ffbcb37220, 0x000001ffbcb37c30]
Event: 0.632 Thread 0x000001ffd14ed710 1603       3       jdk.internal.org.objectweb.asm.MethodWriter::visitFrameEnd (53 bytes)
Event: 0.632 Thread 0x000001ffd14ed710 nmethod 1603 0x000001ffbcb37f90 code [0x000001ffbcb38160, 0x000001ffbcb38638]
Event: 0.632 Thread 0x000001ffd14ed710 1604       3       java.lang.Character::isJavaIdentifierPart (9 bytes)
Event: 0.633 Thread 0x000001ffd14ed710 nmethod 1604 0x000001ffbcb38790 code [0x000001ffbcb38940, 0x000001ffbcb38b38]
Event: 0.633 Thread 0x000001ffd14ed710 1605       3       java.lang.CharacterDataLatin1::isJavaIdentifierPart (20 bytes)
Event: 0.633 Thread 0x000001ffd14ed710 nmethod 1605 0x000001ffbcb38c10 code [0x000001ffbcb38dc0, 0x000001ffbcb38fd0]

GC Heap History (2 events):
Event: 0.467 GC heap before
{Heap before GC invocations=0 (full 0):
 garbage-first heap   total 129024K, used 23552K [0x0000000082400000, 0x0000000100000000)
  region size 1024K, 23 young (23552K), 0 survivors (0K)
 Metaspace       used 6226K, committed 6464K, reserved 1114112K
  class space    used 715K, committed 832K, reserved 1048576K
}
Event: 0.471 GC heap after
{Heap after GC invocations=1 (full 0):
 garbage-first heap   total 129024K, used 5108K [0x0000000082400000, 0x0000000100000000)
  region size 1024K, 3 young (3072K), 3 survivors (3072K)
 Metaspace       used 6226K, committed 6464K, reserved 1114112K
  class space    used 715K, committed 832K, reserved 1048576K
}

Dll operation events (8 events):
Event: 0.005 Loaded shared library C:\Program Files\Java\jdk-21\bin\java.dll
Event: 0.040 Loaded shared library C:\Program Files\Java\jdk-21\bin\jsvml.dll
Event: 0.078 Loaded shared library C:\Program Files\Java\jdk-21\bin\net.dll
Event: 0.080 Loaded shared library C:\Program Files\Java\jdk-21\bin\nio.dll
Event: 0.083 Loaded shared library C:\Program Files\Java\jdk-21\bin\zip.dll
Event: 0.160 Loaded shared library C:\Program Files\Java\jdk-21\bin\jimage.dll
Event: 0.346 Loaded shared library C:\Program Files\Java\jdk-21\bin\management.dll
Event: 0.347 Loaded shared library C:\Program Files\Java\jdk-21\bin\management_ext.dll

Deoptimization events (20 events):
Event: 0.559 Thread 0x000001ffd14d9460 Uncommon trap: trap_request=0xffffffc6 fr.pc=0x000001ffc4392a14 relative=0x0000000000000334
Event: 0.559 Thread 0x000001ffd14d9460 Uncommon trap: reason=bimorphic_or_optimized_type_check action=maybe_recompile pc=0x000001ffc4392a14 method=java.util.concurrent.ConcurrentHashMap.get(Ljava/lang/Object;)Ljava/lang/Object; @ 149 c2
Event: 0.559 Thread 0x000001ffd14d9460 DEOPT PACKING pc=0x000001ffc4392a14 sp=0x000000e148dfcca0
Event: 0.559 Thread 0x000001ffd14d9460 DEOPT UNPACKING pc=0x000001ffc3de46a2 sp=0x000000e148dfcc10 mode 2
Event: 0.559 Thread 0x000001ffd14d9460 Uncommon trap: trap_request=0xffffffc6 fr.pc=0x000001ffc4392a14 relative=0x0000000000000334
Event: 0.559 Thread 0x000001ffd14d9460 Uncommon trap: reason=bimorphic_or_optimized_type_check action=maybe_recompile pc=0x000001ffc4392a14 method=java.util.concurrent.ConcurrentHashMap.get(Ljava/lang/Object;)Ljava/lang/Object; @ 149 c2
Event: 0.559 Thread 0x000001ffd14d9460 DEOPT PACKING pc=0x000001ffc4392a14 sp=0x000000e148dfc8f0
Event: 0.559 Thread 0x000001ffd14d9460 DEOPT UNPACKING pc=0x000001ffc3de46a2 sp=0x000000e148dfc860 mode 2
Event: 0.579 Thread 0x000001ffd14d9460 Uncommon trap: trap_request=0xffffffc6 fr.pc=0x000001ffc43b2878 relative=0x0000000000000378
Event: 0.579 Thread 0x000001ffd14d9460 Uncommon trap: reason=bimorphic_or_optimized_type_check action=maybe_recompile pc=0x000001ffc43b2878 method=java.util.HashMap.getNode(Ljava/lang/Object;)Ljava/util/HashMap$Node; @ 63 c2
Event: 0.579 Thread 0x000001ffd14d9460 DEOPT PACKING pc=0x000001ffc43b2878 sp=0x000000e148dfe010
Event: 0.579 Thread 0x000001ffd14d9460 DEOPT UNPACKING pc=0x000001ffc3de46a2 sp=0x000000e148dfdf78 mode 2
Event: 0.579 Thread 0x000001ffd14d9460 Uncommon trap: trap_request=0xffffffc6 fr.pc=0x000001ffc43b2878 relative=0x0000000000000378
Event: 0.579 Thread 0x000001ffd14d9460 Uncommon trap: reason=bimorphic_or_optimized_type_check action=maybe_recompile pc=0x000001ffc43b2878 method=java.util.HashMap.getNode(Ljava/lang/Object;)Ljava/util/HashMap$Node; @ 63 c2
Event: 0.579 Thread 0x000001ffd14d9460 DEOPT PACKING pc=0x000001ffc43b2878 sp=0x000000e148dfe010
Event: 0.579 Thread 0x000001ffd14d9460 DEOPT UNPACKING pc=0x000001ffc3de46a2 sp=0x000000e148dfdf78 mode 2
Event: 0.581 Thread 0x000001ffd14d9460 Uncommon trap: trap_request=0xffffffc6 fr.pc=0x000001ffc43b2878 relative=0x0000000000000378
Event: 0.581 Thread 0x000001ffd14d9460 Uncommon trap: reason=bimorphic_or_optimized_type_check action=maybe_recompile pc=0x000001ffc43b2878 method=java.util.HashMap.getNode(Ljava/lang/Object;)Ljava/util/HashMap$Node; @ 63 c2
Event: 0.581 Thread 0x000001ffd14d9460 DEOPT PACKING pc=0x000001ffc43b2878 sp=0x000000e148dfe010
Event: 0.581 Thread 0x000001ffd14d9460 DEOPT UNPACKING pc=0x000001ffc3de46a2 sp=0x000000e148dfdf78 mode 2

Classes loaded (20 events):
Event: 0.602 Loading class java/lang/ThreadBuilders$BaseThreadBuilder
Event: 0.602 Loading class java/lang/ThreadBuilders$BaseThreadBuilder done
Event: 0.602 Loading class java/lang/ThreadBuilders$VirtualThreadBuilder done
Event: 0.602 Loading class java/lang/ThreadBuilders
Event: 0.602 Loading class java/lang/ThreadBuilders done
Event: 0.603 Loading class java/util/concurrent/Executors$DefaultThreadFactory
Event: 0.603 Loading class java/util/concurrent/Executors$DefaultThreadFactory done
Event: 0.610 Loading class java/util/Stack
Event: 0.610 Loading class java/util/Stack done
Event: 0.610 Loading class java/util/Vector$Itr
Event: 0.610 Loading class java/util/Vector$Itr done
Event: 0.631 Loading class java/io/Console
Event: 0.632 Loading class java/io/Console done
Event: 0.632 Loading class jdk/internal/io/JdkConsoleProvider
Event: 0.633 Loading class jdk/internal/io/JdkConsoleProvider done
Event: 0.633 Loading class java/util/ServiceLoader$LayerLookupIterator
Event: 0.633 Loading class java/util/ServiceLoader$LayerLookupIterator done
Event: 0.633 Loading class java/util/ServiceLoader$ProviderSpliterator
Event: 0.633 Loading class java/util/ServiceLoader$ProviderSpliterator done
Event: 0.633 Loading class jdk/internal/io/JdkConsole

Classes unloaded (0 events):
No events

Classes redefined (0 events):
No events

Internal exceptions (20 events):
Event: 0.521 Thread 0x000001ffd14d9460 Exception <a 'java/lang/NoSuchMethodError'{0x0000000089ee27e0}: 'java.lang.Object java.lang.invoke.DirectMethodHandle$Holder.invokeSpecial(java.lang.Object, java.lang.Object, java.lang.Object, java.lang.Object, java.lang.Object, java.lang.Object, int)'> (0x0000000089ee27e0) 
thrown [s\open\src\hotspot\share\interpreter\linkResolver.cpp, line 773]
Event: 0.521 Thread 0x000001ffd14d9460 Exception <a 'java/lang/NoSuchMethodError'{0x0000000089eebce8}: 'java.lang.Object java.lang.invoke.DirectMethodHandle$Holder.newInvokeSpecial(java.lang.Object, java.lang.Object, java.lang.Object, java.lang.Object, java.lang.Object, java.lang.Object, int)'> (0x0000000089eebce8) 
thrown [s\open\src\hotspot\share\interpreter\linkResolver.cpp, line 773]
Event: 0.521 Thread 0x000001ffd14d9460 Exception <a 'java/lang/NoSuchMethodError'{0x0000000089ef0298}: 'java.lang.Object java.lang.invoke.DirectMethodHandle$Holder.invokeSpecial(java.lang.Object, java.lang.Object, java.lang.Object, java.lang.Object, java.lang.Object, java.lang.Object, java.lang.Object, int)'> (0x0000000089ef0298) 
thrown [s\open\src\hotspot\share\interpreter\linkResolver.cpp, line 773]
Event: 0.540 Thread 0x000001ffd14d9460 Exception <a 'java/lang/NoSuchMethodError'{0x0000000089c125d0}: 'int java.lang.invoke.DirectMethodHandle$Holder.invokeInterface(java.lang.Object, java.lang.Object)'> (0x0000000089c125d0) 
thrown [s\open\src\hotspot\share\interpreter\linkResolver.cpp, line 773]
Event: 0.548 Thread 0x000001ffd14d9460 Exception <a 'java/lang/NoSuchMethodError'{0x0000000089c72980}: 'int java.lang.invoke.DirectMethodHandle$Holder.invokeVirtual(java.lang.Object, java.lang.Object)'> (0x0000000089c72980) 
thrown [s\open\src\hotspot\share\interpreter\linkResolver.cpp, line 773]
Event: 0.560 Thread 0x000001ffd14d9460 Exception <a 'java/lang/NoSuchMethodError'{0x0000000089b09158}: 'java.lang.Object java.lang.invoke.DirectMethodHandle$Holder.invokeSpecial(java.lang.Object, java.lang.Object, java.lang.Object, int, java.lang.Object)'> (0x0000000089b09158) 
thrown [s\open\src\hotspot\share\interpreter\linkResolver.cpp, line 773]
Event: 0.560 Thread 0x000001ffd14d9460 Exception <a 'java/lang/NoSuchMethodError'{0x0000000089b10a48}: 'java.lang.Object java.lang.invoke.DirectMethodHandle$Holder.newInvokeSpecial(java.lang.Object, java.lang.Object, java.lang.Object, int, java.lang.Object)'> (0x0000000089b10a48) 
thrown [s\open\src\hotspot\share\interpreter\linkResolver.cpp, line 773]
Event: 0.561 Thread 0x000001ffd14d9460 Exception <a 'java/lang/NoSuchMethodError'{0x0000000089b17f00}: 'java.lang.Object java.lang.invoke.Invokers$Holder.linkToTargetMethod(java.lang.Object, java.lang.Object, int, java.lang.Object, java.lang.Object)'> (0x0000000089b17f00) 
thrown [s\open\src\hotspot\share\interpreter\linkResolver.cpp, line 773]
Event: 0.561 Thread 0x000001ffd14d9460 Exception <a 'java/lang/NoSuchMethodError'{0x0000000089b25cf8}: 'java.lang.Object java.lang.invoke.DirectMethodHandle$Holder.newInvokeSpecial(java.lang.Object, int, java.lang.Object)'> (0x0000000089b25cf8) 
thrown [s\open\src\hotspot\share\interpreter\linkResolver.cpp, line 773]
Event: 0.562 Thread 0x000001ffd14d9460 Exception <a 'java/lang/NoSuchMethodError'{0x0000000089b2a6a8}: 'int java.lang.invoke.DirectMethodHandle$Holder.invokeSpecialIFC(java.lang.Object, java.lang.Object, java.lang.Object, java.lang.Object)'> (0x0000000089b2a6a8) 
thrown [s\open\src\hotspot\share\interpreter\linkResolver.cpp, line 773]
Event: 0.575 Thread 0x000001ffd14d9460 Exception <a 'java/lang/NoSuchMethodError'{0x0000000089bf5528}: 'void java.lang.invoke.DirectMethodHandle$Holder.invokeInterface(java.lang.Object, java.lang.Object, java.lang.Object)'> (0x0000000089bf5528) 
thrown [s\open\src\hotspot\share\interpreter\linkResolver.cpp, line 773]
Event: 0.588 Thread 0x000001ffd14d9460 Exception <a 'java/lang/NoSuchMethodError'{0x0000000089a8e7c0}: 'void java.lang.invoke.DirectMethodHandle$Holder.invokeStaticInit(java.lang.Object, java.lang.Object, java.lang.Object)'> (0x0000000089a8e7c0) 
thrown [s\open\src\hotspot\share\interpreter\linkResolver.cpp, line 773]
Event: 0.591 Thread 0x000001ffd14d9460 Exception <a 'java/lang/NoSuchMethodError'{0x0000000089ad33b0}: 'java.lang.Object java.lang.invoke.DirectMethodHandle$Holder.invokeVirtual(java.lang.Object, java.lang.Object, java.lang.Object)'> (0x0000000089ad33b0) 
thrown [s\open\src\hotspot\share\interpreter\linkResolver.cpp, line 773]
Event: 0.594 Thread 0x000001ffd14d9460 Exception <a 'java/lang/NoSuchMethodError'{0x0000000089af2ce8}: 'java.lang.Object java.lang.invoke.DirectMethodHandle$Holder.invokeStatic(java.lang.Object, long, java.lang.Object)'> (0x0000000089af2ce8) 
thrown [s\open\src\hotspot\share\interpreter\linkResolver.cpp, line 773]
Event: 0.594 Thread 0x000001ffd14d9460 Exception <a 'java/lang/NoSuchMethodError'{0x0000000089af6340}: 'java.lang.Object java.lang.invoke.DirectMethodHandle$Holder.invokeStaticInit(java.lang.Object, long, java.lang.Object)'> (0x0000000089af6340) 
thrown [s\open\src\hotspot\share\interpreter\linkResolver.cpp, line 773]
Event: 0.594 Thread 0x000001ffd14d9460 Exception <a 'java/lang/NoSuchMethodError'{0x0000000089afbe28}: 'java.lang.Object java.lang.invoke.DirectMethodHandle$Holder.newInvokeSpecial(java.lang.Object, long)'> (0x0000000089afbe28) 
thrown [s\open\src\hotspot\share\interpreter\linkResolver.cpp, line 773]
Event: 0.603 Thread 0x000001ffd14d9460 Exception <a 'java/lang/NoSuchMethodError'{0x0000000089949ac8}: 'void java.lang.invoke.DirectMethodHandle$Holder.invokeSpecial(java.lang.Object, java.lang.Object, java.lang.Object, java.lang.Object, java.lang.Object)'> (0x0000000089949ac8) 
thrown [s\open\src\hotspot\share\interpreter\linkResolver.cpp, line 773]
Event: 0.604 Thread 0x000001ffd14d9460 Exception <a 'java/lang/NoSuchMethodError'{0x00000000899512a8}: 'void java.lang.invoke.DirectMethodHandle$Holder.invokeVirtual(java.lang.Object, java.lang.Object, java.lang.Object, java.lang.Object)'> (0x00000000899512a8) 
thrown [s\open\src\hotspot\share\interpreter\linkResolver.cpp, line 773]
Event: 0.629 Thread 0x000001ffd14d9460 Exception <a 'java/lang/IncompatibleClassChangeError'{0x00000000898a75a8}: Found class java.lang.Object, but interface was expected> (0x00000000898a75a8) 
thrown [s\open\src\hotspot\share\interpreter\linkResolver.cpp, line 840]
Event: 0.632 Thread 0x000001ffd14d9460 Exception <a 'java/lang/NoSuchMethodError'{0x00000000898bb4c0}: 'java.lang.Object java.lang.invoke.DirectMethodHandle$Holder.invokeStaticInit(java.lang.Object, int)'> (0x00000000898bb4c0) 
thrown [s\open\src\hotspot\share\interpreter\linkResolver.cpp, line 773]

ZGC Phase Switch (0 events):
No events

VM Operations (20 events):
Event: 0.087 Executing VM operation: HandshakeAllThreads (Deoptimize)
Event: 0.087 Executing VM operation: HandshakeAllThreads (Deoptimize) done
Event: 0.162 Executing VM operation: HandshakeAllThreads (Deoptimize)
Event: 0.162 Executing VM operation: HandshakeAllThreads (Deoptimize) done
Event: 0.321 Executing VM operation: HandshakeAllThreads (Deoptimize)
Event: 0.321 Executing VM operation: HandshakeAllThreads (Deoptimize) done
Event: 0.321 Executing VM operation: HandshakeAllThreads (Deoptimize)
Event: 0.321 Executing VM operation: HandshakeAllThreads (Deoptimize) done
Event: 0.426 Executing VM operation: HandshakeAllThreads (Deoptimize)
Event: 0.426 Executing VM operation: HandshakeAllThreads (Deoptimize) done
Event: 0.467 Executing VM operation: G1CollectForAllocation (G1 Evacuation Pause)
Event: 0.471 Executing VM operation: G1CollectForAllocation (G1 Evacuation Pause) done
Event: 0.547 Executing VM operation: HandshakeAllThreads (Deoptimize)
Event: 0.547 Executing VM operation: HandshakeAllThreads (Deoptimize) done
Event: 0.620 Executing VM operation: HandshakeAllThreads (Deoptimize)
Event: 0.620 Executing VM operation: HandshakeAllThreads (Deoptimize) done
Event: 0.622 Executing VM operation: HandshakeAllThreads (Deoptimize)
Event: 0.622 Executing VM operation: HandshakeAllThreads (Deoptimize) done
Event: 0.622 Executing VM operation: HandshakeAllThreads (Deoptimize)
Event: 0.622 Executing VM operation: HandshakeAllThreads (Deoptimize) done

Events (15 events):
Event: 0.024 Thread 0x000001ffb2b2a6e0 Thread added: 0x000001ffb2b2a6e0
Event: 0.039 Thread 0x000001ffd14d4840 Thread added: 0x000001ffd14d4840
Event: 0.039 Thread 0x000001ffd14d5560 Thread added: 0x000001ffd14d5560
Event: 0.039 Thread 0x000001ffd14d8730 Thread added: 0x000001ffd14d8730
Event: 0.039 Thread 0x000001ffd14da180 Thread added: 0x000001ffd14da180
Event: 0.039 Thread 0x000001ffd14da810 Thread added: 0x000001ffd14da810
Event: 0.039 Thread 0x000001ffd14dbbc0 Thread added: 0x000001ffd14dbbc0
Event: 0.039 Thread 0x000001ffd14ea040 Thread added: 0x000001ffd14ea040
Event: 0.039 Thread 0x000001ffd14ed710 Thread added: 0x000001ffd14ed710
Event: 0.073 Thread 0x000001ffd14d9af0 Thread added: 0x000001ffd14d9af0
Event: 0.074 Thread 0x000001ffd14daea0 Thread added: 0x000001ffd14daea0
Event: 0.102 Thread 0x000001ffd17b7ca0 Thread added: 0x000001ffd17b7ca0
Event: 0.380 Thread 0x000001ffd14dc250 Thread added: 0x000001ffd14dc250
Event: 0.382 Thread 0x000001ffd14d9460 Thread added: 0x000001ffd14d9460
Event: 0.627 Thread 0x000001ffd14db530 Thread added: 0x000001ffd14db530


Dynamic libraries:
0x00007ff7216e0000 - 0x00007ff7216f0000 	C:\Program Files\Java\jdk-21\bin\javaw.exe
0x00007ffdc4750000 - 0x00007ffdc4966000 	C:\WINDOWS\SYSTEM32\ntdll.dll
0x00007ffdc3be0000 - 0x00007ffdc3ca4000 	C:\WINDOWS\System32\KERNEL32.DLL
0x00007ffdc20f0000 - 0x00007ffdc2496000 	C:\WINDOWS\System32\KERNELBASE.dll
0x00007ffdc1a90000 - 0x00007ffdc1ba1000 	C:\WINDOWS\System32\ucrtbase.dll
0x00007ffdb8ce0000 - 0x00007ffdb8cfb000 	C:\Program Files\Java\jdk-21\bin\VCRUNTIME140.dll
0x00007ffdb8d00000 - 0x00007ffdb8d19000 	C:\Program Files\Java\jdk-21\bin\jli.dll
0x00007ffdc2cf0000 - 0x00007ffdc2da2000 	C:\WINDOWS\System32\ADVAPI32.dll
0x00007ffdc4560000 - 0x00007ffdc4607000 	C:\WINDOWS\System32\msvcrt.dll
0x00007ffdc2b30000 - 0x00007ffdc2bd8000 	C:\WINDOWS\System32\sechost.dll
0x00007ffdc1f60000 - 0x00007ffdc1f88000 	C:\WINDOWS\System32\bcrypt.dll
0x00007ffdc2650000 - 0x00007ffdc2765000 	C:\WINDOWS\System32\RPCRT4.dll
0x00007ffdc24a0000 - 0x00007ffdc264d000 	C:\WINDOWS\System32\USER32.dll
0x00007ffdc1bb0000 - 0x00007ffdc1bd6000 	C:\WINDOWS\System32\win32u.dll
0x00007ffda4e50000 - 0x00007ffda50e3000 	C:\WINDOWS\WinSxS\amd64_microsoft.windows.common-controls_6595b64144ccf1df_6.0.22621.3235_none_270f74e173860f98\COMCTL32.dll
0x00007ffdc3b90000 - 0x00007ffdc3bb9000 	C:\WINDOWS\System32\GDI32.dll
0x00007ffdc1d50000 - 0x00007ffdc1e68000 	C:\WINDOWS\System32\gdi32full.dll
0x00007ffdc1f90000 - 0x00007ffdc202a000 	C:\WINDOWS\System32\msvcp_win.dll
0x00007ffdb7330000 - 0x00007ffdb733a000 	C:\WINDOWS\SYSTEM32\VERSION.dll
0x00007ffdc2880000 - 0x00007ffdc28b1000 	C:\WINDOWS\System32\IMM32.DLL
0x00007ffdbd450000 - 0x00007ffdbd45c000 	C:\Program Files\Java\jdk-21\bin\vcruntime140_1.dll
0x00007ffdafe80000 - 0x00007ffdaff0e000 	C:\Program Files\Java\jdk-21\bin\msvcp140.dll
0x00007ffd627a0000 - 0x00007ffd634b7000 	C:\Program Files\Java\jdk-21\bin\server\jvm.dll
0x00007ffdc27f0000 - 0x00007ffdc2861000 	C:\WINDOWS\System32\WS2_32.dll
0x00007ffdc1500000 - 0x00007ffdc154d000 	C:\WINDOWS\SYSTEM32\POWRPROF.dll
0x00007ffdb77a0000 - 0x00007ffdb77d4000 	C:\WINDOWS\SYSTEM32\WINMM.dll
0x00007ffdc13f0000 - 0x00007ffdc1403000 	C:\WINDOWS\SYSTEM32\UMPDC.dll
0x00007ffdc0ad0000 - 0x00007ffdc0ae8000 	C:\WINDOWS\SYSTEM32\kernel.appcore.dll
0x00007ffdbd360000 - 0x00007ffdbd36a000 	C:\Program Files\Java\jdk-21\bin\jimage.dll
0x00007ffdb78c0000 - 0x00007ffdb7af3000 	C:\WINDOWS\SYSTEM32\DBGHELP.DLL
0x00007ffdc3f40000 - 0x00007ffdc42c8000 	C:\WINDOWS\System32\combase.dll
0x00007ffdc3cb0000 - 0x00007ffdc3d87000 	C:\WINDOWS\System32\OLEAUT32.dll
0x00007ffda4340000 - 0x00007ffda4372000 	C:\WINDOWS\SYSTEM32\dbgcore.DLL
0x00007ffdc1e70000 - 0x00007ffdc1eea000 	C:\WINDOWS\System32\bcryptPrimitives.dll
0x00007ffdb7490000 - 0x00007ffdb74af000 	C:\Program Files\Java\jdk-21\bin\java.dll
0x00007ffdc32b0000 - 0x00007ffdc3b0d000 	C:\WINDOWS\System32\SHELL32.dll
0x00007ffdbf9f0000 - 0x00007ffdc02e8000 	C:\WINDOWS\SYSTEM32\windows.storage.dll
0x00007ffdbf8b0000 - 0x00007ffdbf9ee000 	C:\WINDOWS\SYSTEM32\wintypes.dll
0x00007ffdc2bf0000 - 0x00007ffdc2ce3000 	C:\WINDOWS\System32\SHCORE.dll
0x00007ffdc4470000 - 0x00007ffdc44ce000 	C:\WINDOWS\System32\shlwapi.dll
0x00007ffdc19c0000 - 0x00007ffdc19e6000 	C:\WINDOWS\SYSTEM32\profapi.dll
0x00007ffdafda0000 - 0x00007ffdafe77000 	C:\Program Files\Java\jdk-21\bin\jsvml.dll
0x00007ffdb60e0000 - 0x00007ffdb60f0000 	C:\Program Files\Java\jdk-21\bin\net.dll
0x00007ffdb7f90000 - 0x00007ffdb80c7000 	C:\WINDOWS\SYSTEM32\WINHTTP.dll
0x00007ffdc0f50000 - 0x00007ffdc0fb9000 	C:\WINDOWS\system32\mswsock.dll
0x00007ffdafd80000 - 0x00007ffdafd96000 	C:\Program Files\Java\jdk-21\bin\nio.dll
0x00007ffdafd60000 - 0x00007ffdafd78000 	C:\Program Files\Java\jdk-21\bin\zip.dll
0x00007ffdb3820000 - 0x00007ffdb382a000 	C:\Program Files\Java\jdk-21\bin\management.dll
0x00007ffdafd50000 - 0x00007ffdafd5b000 	C:\Program Files\Java\jdk-21\bin\management_ext.dll
0x00007ffdc3b20000 - 0x00007ffdc3b28000 	C:\WINDOWS\System32\PSAPI.DLL

dbghelp: loaded successfully - version: 4.0.5 - missing functions: none
symbol engine: initialized successfully - sym options: 0x614 - pdb path: .;C:\Program Files\Java\jdk-21\bin;C:\WINDOWS\SYSTEM32;C:\WINDOWS\WinSxS\amd64_microsoft.windows.common-controls_6595b64144ccf1df_6.0.22621.3235_none_270f74e173860f98;C:\Program Files\Java\jdk-21\bin\server

VM Arguments:
jvm_args: -Dfile.encoding=UTF-8 -Dstdout.encoding=UTF-8 -Dstderr.encoding=UTF-8 -XX:+ShowCodeDetailsInExceptionMessages 
java_command: com.springboot.todowebapp.TodowebappApplication
java_class_path (initial): F:\SpringBoot\todowebapp\todowebapp\target\classes;C:\Users\sanda\.m2\repository\org\springframework\boot\spring-boot-starter-web\3.3.0-M2\spring-boot-starter-web-3.3.0-M2.jar;C:\Users\sanda\.m2\repository\org\springframework\boot\spring-boot-starter\3.3.0-M2\spring-boot-starter-3.3.0-M2.jar;C:\Users\sanda\.m2\repository\org\springframework\boot\spring-boot-starter-logging\3.3.0-M2\spring-boot-starter-logging-3.3.0-M2.jar;C:\Users\sanda\.m2\repository\ch\qos\logback\logback-classic\1.4.14\logback-classic-1.4.14.jar;C:\Users\sanda\.m2\repository\ch\qos\logback\logback-core\1.4.14\logback-core-1.4.14.jar;C:\Users\sanda\.m2\repository\org\apache\logging\log4j\log4j-to-slf4j\2.23.0\log4j-to-slf4j-2.23.0.jar;C:\Users\sanda\.m2\repository\org\apache\logging\log4j\log4j-api\2.23.0\log4j-api-2.23.0.jar;C:\Users\sanda\.m2\repository\org\slf4j\jul-to-slf4j\2.0.12\jul-to-slf4j-2.0.12.jar;C:\Users\sanda\.m2\repository\jakarta\annotation\jakarta.annotation-api\2.1.1\jakarta.annotation-api-2.1.1.jar;C:\Users\sanda\.m2\repository\org\yaml\snakeyaml\2.2\snakeyaml-2.2.jar;C:\Users\sanda\.m2\repository\org\springframework\boot\spring-boot-starter-json\3.3.0-M2\spring-boot-starter-json-3.3.0-M2.jar;C:\Users\sanda\.m2\repository\com\fasterxml\jackson\core\jackson-databind\2.16.1\jackson-databind-2.16.1.jar;C:\Users\sanda\.m2\repository\com\fasterxml\jackson\core\jackson-annotations\2.16.1\jackson-annotations-2.16.1.jar;C:\Users\sanda\.m2\repository\com\fasterxml\jackson\core\jackson-core\2.16.1\jackson-core-2.16.1.jar;C:\Users\sanda\.m2\repository\com\fasterxml\jackson\datatype\jackson-datatype-jdk8\2.16.1\jackson-datatype-jdk8-2.16.1.jar;C:\Users\sanda\.m2\repository\com\fasterxml\jackson\datatype\jackson-datatype-jsr310\2.16.1\jackson-datatype-jsr310-2.16.1.jar;C:\Users\sanda\.m2\repository\com\fasterxml\jackson\module\jackson-module-parameter-names\2.16.1\jackson-module-parameter-names-2.16.1.jar;C:\Users\sanda\.m2\repository\org\springframework\boot\spring-boot-starter-tomcat\3.3.0-M2\spring-boot-starter-tomcat-3.3.0-M2.jar;C:\Users\sanda\.m2\repository\org\apache\tomcat\embed\tomcat-embed-websocket\10.1.19\tomcat-embed-websocket-10.1.19.jar;C:\Users\sanda\.m2\repository\org\springframework\spring-web\6.1.4\spring-web-6.1.4.jar;C:\Users\sanda\.m2\repository\org\springframework\spring-beans\6.1.4\spring-beans-6.1.4.jar;C:\Users\sanda\.m2\repository\io\micrometer\micrometer-observation\1.13.0-M1\micrometer-observation-1.13.0-M1.jar;C:\Users\sanda\.m2\repository\io\micrometer\micrometer-commons\1.13.0-M1\micrometer-commons-1.13.0-M1.jar;C:\Users\sanda\.m2\repository\org\springframework\spring-webmvc\6.1.4\spring-webmvc-6.1.4.jar;C:\Users\sanda\.m2\repository\org\springframework\spring-context\6.1.4\spring-context-6.1.4.jar;C:\Users\sanda\.m2\repository\org\springframework\spring-expression\6.1.4\spring-expression-6.1.4.jar;C:\Users\sanda\.m2\repository\org\apache\tomcat\embed\tomcat-embed-jasper\10.1.19\tomcat-embed-jasper-10.1.19.jar;C:\Users\sanda\.m2\repository\org\apache\tomcat\embed\tomcat-embed-core\10.1.19\tomcat-embed-core-10.1.19.jar;C:\Users\sanda\.m2\repository\org\apache\tomcat\tomcat-annotations-api\10.1.19\tomcat-annotations-api-10.1.19.jar;C:\Users\sanda\.m2\repository\org\apache\tomcat\embed\tomcat-embed-el\10.1.19\tomcat-embed-el-10.1.19.jar;C:\Users\sanda\.m2\repository\org\eclipse\jdt\ecj\3.33.0\ecj-3.33.0.jar;C:\Users\sanda\.m2\repository\org\springframework\boot\spring-boot-starter-validation\3.3.0-M2\spring-boot-starter-validation-3.3.0-M2.jar;C:\Users\sanda\.m2\repository\org\hibernate\validator\hibernate-validator\8.0.1.Final\hibernate-validator-8.0.1.Final.jar;C:\Users\sanda\.m2\repository\jakarta\validation\jakarta.validation-api\3.0.2\jakarta.validation-api-3.0.2.jar;C:\Users\sanda\.m2\repository\org\jboss\logging\jboss-logging\3.5.3.Final\jboss-logging-3.5.3.Final.jar;C:\Users\sanda\.m2\repository\com\fasterxml\classmate\1.7.0\classmate-1.7.0.jar;C:\Users\sanda\.m2\repository\jakarta\servlet\jsp\jstl\jakarta.servlet.jsp.jstl-api\3.0.0\jakarta.servlet.jsp.jstl-api-3.0.0.jar;C:\Users\sanda\.m2\repository\jakarta\servlet\jakarta.servlet-api\6.0.0\jakarta.servlet-api-6.0.0.jar;C:\Users\sanda\.m2\repository\jakarta\el\jakarta.el-api\5.0.0\jakarta.el-api-5.0.0.jar;C:\Users\sanda\.m2\repository\org\springframework\boot\spring-boot-starter-security\3.3.0-M2\spring-boot-starter-security-3.3.0-M2.jar;C:\Users\sanda\.m2\repository\org\springframework\spring-aop\6.1.4\spring-aop-6.1.4.jar;C:\Users\sanda\.m2\repository\org\springframework\security\spring-security-config\6.3.0-M2\spring-security-config-6.3.0-M2.jar;C:\Users\sanda\.m2\repository\org\springframework\security\spring-security-core\6.3.0-M2\spring-security-core-6.3.0-M2.jar;C:\Users\sanda\.m2\repository\org\springframework\security\spring-security-crypto\6.3.0-M2\spring-security-crypto-6.3.0-M2.jar;C:\Users\sanda\.m2\repository\org\springframework\security\spring-security-web\6.3.0-M2\spring-security-web-6.3.0-M2.jar;C:\Users\sanda\.m2\repository\org\glassfish\web\jakarta.servlet.jsp.jstl\3.0.1\jakarta.servlet.jsp.jstl-3.0.1.jar;C:\Users\sanda\.m2\repository\org\webjars\bootstrap-datepicker\1.9.0\bootstrap-datepicker-1.9.0.jar;C:\Users\sanda\.m2\repository\org\webjars\bootstrap\5.1.3\bootstrap-5.1.3.jar;C:\Users\sanda\.m2\repository\org\webjars\popper.js\2.9.3\popper.js-2.9.3.jar;C:\Users\sanda\.m2\repository\org\webjars\jquery\3.6.0\jquery-3.6.0.jar;C:\Users\sanda\.m2\repository\org\springframework\boot\spring-boot-devtools\3.3.0-M2\spring-boot-devtools-3.3.0-M2.jar;C:\Users\sanda\.m2\repository\org\springframework\boot\spring-boot\3.3.0-M2\spring-boot-3.3.0-M2.jar;C:\Users\sanda\.m2\repository\org\springframework\boot\spring-boot-autoconfigure\3.3.0-M2\spring-boot-autoconfigure-3.3.0-M2.jar;C:\Users\sanda\.m2\repository\org\slf4j\slf4j-api\2.0.12\slf4j-api-2.0.12.jar;C:\Users\sanda\.m2\repository\org\springframework\spring-core\6.1.4\spring-core-6.1.4.jar;C:\Users\sanda\.m2\repository\org\springframework\spring-jcl\6.1.4\spring-jcl-6.1.4.jar
Launcher Type: SUN_STANDARD

[Global flags]
     intx CICompilerCount                          = 4                                         {product} {ergonomic}
     uint ConcGCThreads                            = 2                                         {product} {ergonomic}
     uint G1ConcRefinementThreads                  = 8                                         {product} {ergonomic}
   size_t G1HeapRegionSize                         = 1048576                                   {product} {ergonomic}
    uintx GCDrainStackTargetSize                   = 64                                        {product} {ergonomic}
   size_t InitialHeapSize                          = 132120576                                 {product} {ergonomic}
   size_t MarkStackSize                            = 4194304                                   {product} {ergonomic}
   size_t MaxHeapSize                              = 2109734912                                {product} {ergonomic}
   size_t MaxNewSize                               = 1265631232                                {product} {ergonomic}
   size_t MinHeapDeltaBytes                        = 1048576                                   {product} {ergonomic}
   size_t MinHeapSize                              = 8388608                                   {product} {ergonomic}
    uintx NonNMethodCodeHeapSize                   = 5839372                                {pd product} {ergonomic}
    uintx NonProfiledCodeHeapSize                  = 122909434                              {pd product} {ergonomic}
    uintx ProfiledCodeHeapSize                     = 122909434                              {pd product} {ergonomic}
    uintx ReservedCodeCacheSize                    = 251658240                              {pd product} {ergonomic}
     bool SegmentedCodeCache                       = true                                      {product} {ergonomic}
     bool ShowCodeDetailsInExceptionMessages       = true                                   {manageable} {command line}
   size_t SoftMaxHeapSize                          = 2109734912                             {manageable} {ergonomic}
     bool UseCompressedOops                        = true                           {product lp64_product} {ergonomic}
     bool UseG1GC                                  = true                                      {product} {ergonomic}
     bool UseLargePagesIndividualAllocation        = false                                  {pd product} {ergonomic}

Logging:
Log output configuration:
 #0: stdout all=warning uptime,level,tags foldmultilines=false
 #1: stderr all=off uptime,level,tags foldmultilines=false

Environment Variables:
JAVA_HOME=C:\Program Files\Java\jdk-21
PATH=E:/eclipse//plugins/org.eclipse.justj.openjdk.hotspot.jre.full.win32.x86_64_17.0.10.v20240120-1143/jre/bin/server;E:/eclipse//plugins/org.eclipse.justj.openjdk.hotspot.jre.full.win32.x86_64_17.0.10.v20240120-1143/jre/bin;C:\Program Files\Java\jdk-21\bin;C:\Program Files\Common Files\Oracle\Java\javapath;C:\Windows\system32;C:\Windows;C:\Windows\System32\Wbem;C:\Windows\System32\WindowsPowerShell\v1.0\;C:\Windows\System32\OpenSSH\;C:\Program Files (x86)\NVIDIA Corporation\PhysX\Common;C:\Program Files\Intel\WiFi\bin\;C:\Program Files\Common Files\Intel\WirelessCommon\;C:\Program Files\dotnet\;C:\Program Files\Microsoft SQL Server\Client SDK\ODBC\170\Tools\Binn\;C:\Users\sanda\.AndroidStudio4.0\platform-tools;D:\Flutter SDK\flutter_windows_1.22.2-stable\flutter\bin;C:\WINDOWS\system32;C:\WINDOWS;C:\WINDOWS\System32\Wbem;C:\WINDOWS\System32\WindowsPowerShell\v1.0\;C:\WINDOWS\System32\OpenSSH\;C:\Program Files (x86)\Microsoft SQL Server\150\Tools\Binn\;C:\Program Files\Microsoft SQL Server\150\Tools\Binn\;C:\Program Files\Microsoft SQL Server\150\DTS\Binn\;C:\Program Files\Azure Data Studio\bin;E:\apache-maven-3.8.4\bin;C:\Program Files\Git\cmd;C:\Users\sanda\AppData\Local\Programs\Python\Python311;C:\Users\sanda\AppData\Local\Programs\PythonCodingPack\Scripts;C:\opencv\build\x64\vc14\bin;C:\Program Files\nodejs\node_modules\;C:\Users\sanda\AppData\Local\Programs\Python\Python311\Scripts\;C:\Users\sanda\AppData\Local\Programs\Python\Python311\;C:\Users\sanda\AppData\Local\Programs\PythonCodingPack\Scripts;C:\Users\sanda\AppData\Local\Programs\PythonCodingPack;C:\Program Files\MySQL\MySQL Shell 8.0\bin\;C:\Users\sanda\AppData\Local\Microsoft\WindowsApps;C:\Users\sanda\.AndroidStudio4.0\tools;C:\Users\sanda\.AndroidStudio4.0\platform-tools;C:\Program Files (x86)\Java\jdk1.8.0_171\bin;C:\Program Files\flutter\bin;C:\Program Files\Microsoft VS Code\bin;C:\Program Files\Azure Data Studio\bin;C:\Users\sanda\AppData\Roaming\npm;E:\eclipse;
USERNAME=sanda
OS=Windows_NT
PROCESSOR_IDENTIFIER=Intel64 Family 6 Model 142 Stepping 12, GenuineIntel
TMP=C:\Users\sanda\AppData\Local\Temp
TEMP=C:\Users\sanda\AppData\Local\Temp




Periodic native trim disabled

---------------  S Y S T E M  ---------------

OS:
 Windows 11 , 64 bit Build 22621 (10.0.22621.3235)
OS uptime: 4 days 0:35 hours

CPU: total 8 (initial active 8) (4 cores per cpu, 2 threads per core) family 6 model 142 stepping 12 microcode 0xde, cx8, cmov, fxsr, ht, mmx, 3dnowpref, sse, sse2, sse3, ssse3, sse4.1, sse4.2, popcnt, lzcnt, tsc, tscinvbit, avx, avx2, aes, erms, clmul, bmi1, bmi2, adx, fma, vzeroupper, clflush, clflushopt, rdtscp, f16c
Processor Information for all 8 processors :
  Max Mhz: 1992, Current Mhz: 1792, Mhz Limit: 1792

Memory: 4k page, system-wide physical 8043M (645M free)
TotalPageFile size 14552M (AvailPageFile size 5M)
current process WorkingSet (physical memory assigned to process): 90M, peak: 90M
current process commit charge ("private bytes"): 232M, peak: 232M

vm_info: Java HotSpot(TM) 64-Bit Server VM (21.0.2+13-LTS-58) for windows-amd64 JRE (21.0.2+13-LTS-58), built on 2024-01-05T18:32:24Z by "mach5one" with MS VC++ 17.1 (VS2022)

END.
