#
# There is insufficient memory for the Java Runtime Environment to continue.
# Native memory allocation (malloc) failed to allocate 32744 bytes for Chunk::new
# Possible reasons:
#   The system is out of physical RAM or swap space
#   The process is running with CompressedOops enabled, and the Java Heap may be blocking the growth of the native heap
# Possible solutions:
#   Reduce memory load on the system
#   Increase physical memory or swap space
#   Check if swap backing store is full
#   Decrease Java heap size (-Xmx/-Xms)
#   Decrease number of Java threads
#   Decrease Java thread stack sizes (-Xss)
#   Set larger code cache with -XX:ReservedCodeCacheSize=
#   JVM is running with Unscaled Compressed Oops mode in which the Java heap is
#     placed in the first 4GB address space. The Java Heap base address is the
#     maximum limit for the native heap growth. Please use -XX:HeapBaseMinAddress
#     to set the Java Heap base and to place the Java Heap above 4GB virtual address.
# This output file may be truncated or incomplete.
#
#  Out of Memory Error (arena.cpp:168), pid=15488, tid=30632
#
# JRE version: Java(TM) SE Runtime Environment (21.0.2+13) (build 21.0.2+13-LTS-58)
# Java VM: Java HotSpot(TM) 64-Bit Server VM (21.0.2+13-LTS-58, mixed mode, sharing, tiered, compressed oops, compressed class ptrs, g1 gc, windows-amd64)
# No core dump will be written. Minidumps are not enabled by default on client versions of Windows
#

---------------  S U M M A R Y ------------

Command Line: -Dfile.encoding=UTF-8 -Dstdout.encoding=UTF-8 -Dstderr.encoding=UTF-8 -XX:+ShowCodeDetailsInExceptionMessages com.springboot.todowebapp.TodowebappApplication

Host: Intel(R) Core(TM) i7-8565U CPU @ 1.80GHz, 8 cores, 7G,  Windows 11 , 64 bit Build 22621 (10.0.22621.3235)
Time: Fri Mar 29 20:02:27 2024 Sri Lanka Standard Time elapsed time: 1.167912 seconds (0d 0h 0m 1s)

---------------  T H R E A D  ---------------

Current thread (0x00000282f6177840):  JavaThread "C2 CompilerThread1" daemon [_thread_in_native, id=30632, stack(0x00000094a9c00000,0x00000094a9d00000) (1024K)]


Current CompileTask:
C2:   1167 2539       4       java.lang.invoke.MethodType::makeImpl (109 bytes)

Stack: [0x00000094a9c00000,0x00000094a9d00000]
Native frames: (J=compiled Java code, j=interpreted, Vv=VM code, C=native code)
V  [jvm.dll+0x6cade9]
V  [jvm.dll+0x8569c1]
V  [jvm.dll+0x858d2e]
V  [jvm.dll+0x859413]
V  [jvm.dll+0x280e56]
V  [jvm.dll+0xc3f3d]
V  [jvm.dll+0xc4473]
V  [jvm.dll+0x6f2eac]
V  [jvm.dll+0x6f3b68]
V  [jvm.dll+0x5e20a6]
V  [jvm.dll+0x5e4381]
V  [jvm.dll+0x5e3c79]
V  [jvm.dll+0x5e3440]
V  [jvm.dll+0x5e3454]
V  [jvm.dll+0x5e3454]
V  [jvm.dll+0x5e3454]
V  [jvm.dll+0x5e3454]
V  [jvm.dll+0x5e3454]
V  [jvm.dll+0x5e3454]
V  [jvm.dll+0x5e3454]
V  [jvm.dll+0x5e3454]
V  [jvm.dll+0x5e3454]
V  [jvm.dll+0x5e3454]
V  [jvm.dll+0x5e3454]
V  [jvm.dll+0x5e3454]
V  [jvm.dll+0x5e3454]
V  [jvm.dll+0x5e3454]
V  [jvm.dll+0x5e3454]
V  [jvm.dll+0x5f57a5]
V  [jvm.dll+0x252d7f]
V  [jvm.dll+0x24b637]
V  [jvm.dll+0x2490a3]
V  [jvm.dll+0x1c9634]
V  [jvm.dll+0x258859]
V  [jvm.dll+0x256e3a]
V  [jvm.dll+0x3ef6c6]
V  [jvm.dll+0x7ff568]
V  [jvm.dll+0x6c953d]
C  [ucrtbase.dll+0x29363]
C  [KERNEL32.DLL+0x1257d]
C  [ntdll.dll+0x5aa58]


---------------  P R O C E S S  ---------------

Threads class SMR info:
_java_thread_list=0x00000282f7215e30, length=15, elements={
0x0000028292116700, 0x00000282b0cf1520, 0x00000282b0cf2440, 0x00000282b0cf6880,
0x00000282b0cf7840, 0x00000282b0cfaa50, 0x00000282b0cfbd80, 0x00000282b0cff2c0,
0x00000282b0d0e520, 0x00000282f6149e20, 0x00000282f617a7d0, 0x00000282f6177840,
0x00000282f6c12680, 0x00000282f6c12cf0, 0x00000282f700d520
}

Java Threads: ( => current thread )
  0x0000028292116700 JavaThread "main"                              [_thread_blocked, id=18296, stack(0x00000094a8a00000,0x00000094a8b00000) (1024K)]
  0x00000282b0cf1520 JavaThread "Reference Handler"          daemon [_thread_blocked, id=27672, stack(0x00000094a9200000,0x00000094a9300000) (1024K)]
  0x00000282b0cf2440 JavaThread "Finalizer"                  daemon [_thread_blocked, id=26052, stack(0x00000094a9300000,0x00000094a9400000) (1024K)]
  0x00000282b0cf6880 JavaThread "Signal Dispatcher"          daemon [_thread_blocked, id=21064, stack(0x00000094a9400000,0x00000094a9500000) (1024K)]
  0x00000282b0cf7840 JavaThread "Attach Listener"            daemon [_thread_blocked, id=12476, stack(0x00000094a9500000,0x00000094a9600000) (1024K)]
  0x00000282b0cfaa50 JavaThread "Service Thread"             daemon [_thread_blocked, id=18552, stack(0x00000094a9600000,0x00000094a9700000) (1024K)]
  0x00000282b0cfbd80 JavaThread "Monitor Deflation Thread"   daemon [_thread_blocked, id=3540, stack(0x00000094a9700000,0x00000094a9800000) (1024K)]
  0x00000282b0cff2c0 JavaThread "C2 CompilerThread0"         daemon [_thread_in_native, id=23956, stack(0x00000094a9800000,0x00000094a9900000) (1024K)]
  0x00000282b0d0e520 JavaThread "C1 CompilerThread0"         daemon [_thread_in_native, id=17016, stack(0x00000094a9900000,0x00000094a9a00000) (1024K)]
  0x00000282f6149e20 JavaThread "Notification Thread"        daemon [_thread_blocked, id=30312, stack(0x00000094a9a00000,0x00000094a9b00000) (1024K)]
  0x00000282f617a7d0 JavaThread "Common-Cleaner"             daemon [_thread_blocked, id=22348, stack(0x00000094a9b00000,0x00000094a9c00000) (1024K)]
=>0x00000282f6177840 JavaThread "C2 CompilerThread1"         daemon [_thread_in_native, id=30632, stack(0x00000094a9c00000,0x00000094a9d00000) (1024K)]
  0x00000282f6c12680 JavaThread "Thread-0"                          [_thread_blocked, id=30884, stack(0x00000094a9d00000,0x00000094a9e00000) (1024K)]
  0x00000282f6c12cf0 JavaThread "restartedMain"                     [_thread_in_native, id=22460, stack(0x00000094a9e00000,0x00000094a9f00000) (1024K)]
  0x00000282f700d520 JavaThread "C2 CompilerThread2"         daemon [_thread_in_native, id=32240, stack(0x00000094aa800000,0x00000094aa900000) (1024K)]
Total: 15

Other Threads:
  0x00000282920f3b50 VMThread "VM Thread"                           [id=25212, stack(0x00000094a9100000,0x00000094a9200000) (1024K)]
  0x00000282b0cba370 WatcherThread "VM Periodic Task Thread"        [id=22944, stack(0x00000094a9000000,0x00000094a9100000) (1024K)]
  0x00000282920f3ef0 WorkerThread "GC Thread#0"                     [id=31732, stack(0x00000094a8b00000,0x00000094a8c00000) (1024K)]
  0x00000282920f2930 WorkerThread "GC Thread#1"                     [id=31448, stack(0x00000094a9f00000,0x00000094aa000000) (1024K)]
  0x00000282920f3070 WorkerThread "GC Thread#2"                     [id=25072, stack(0x00000094aa000000,0x00000094aa100000) (1024K)]
  0x00000282920f2cd0 WorkerThread "GC Thread#3"                     [id=26704, stack(0x00000094aa100000,0x00000094aa200000) (1024K)]
  0x00000282f6d397f0 WorkerThread "GC Thread#4"                     [id=24280, stack(0x00000094aa200000,0x00000094aa300000) (1024K)]
  0x00000282f6d3bc30 WorkerThread "GC Thread#5"                     [id=4824, stack(0x00000094aa300000,0x00000094aa400000) (1024K)]
  0x00000282f6d3a2d0 WorkerThread "GC Thread#6"                     [id=32532, stack(0x00000094aa500000,0x00000094aa600000) (1024K)]
  0x00000282f6d38230 WorkerThread "GC Thread#7"                     [id=22144, stack(0x00000094aa600000,0x00000094aa700000) (1024K)]
  0x000002829443b560 ConcurrentGCThread "G1 Main Marker"            [id=24432, stack(0x00000094a8c00000,0x00000094a8d00000) (1024K)]
  0x00000282920f37b0 WorkerThread "G1 Conc#0"                       [id=23908, stack(0x00000094a8d00000,0x00000094a8e00000) (1024K)]
  0x00000282b0b8f540 ConcurrentGCThread "G1 Refine#0"               [id=31544, stack(0x00000094a8e00000,0x00000094a8f00000) (1024K)]
  0x00000282b0b8fec0 ConcurrentGCThread "G1 Service"                [id=30572, stack(0x00000094a8f00000,0x00000094a9000000) (1024K)]
Total: 14

Threads with active compile tasks:
C2 CompilerThread0     1190 2647       4       jdk.internal.jimage.ImageStringsReader::stringFromByteBufferMatches (138 bytes)
C1 CompilerThread0     1190 2661       3       org.springframework.asm.ClassReader::accept (1401 bytes)
C2 CompilerThread1     1190 2539       4       java.lang.invoke.MethodType::makeImpl (109 bytes)
C2 CompilerThread2     1190 2673       4       jdk.internal.jimage.ImageLocation::verify (218 bytes)
Total: 4

VM state: not at safepoint (normal execution)

VM Mutex/Monitor currently owned by a thread: None

Heap address: 0x0000000082400000, size: 2012 MB, Compressed Oops mode: 32-bit

CDS archive(s) mapped at: [0x00000282b1000000-0x00000282b1c90000-0x00000282b1c90000), size 13172736, SharedBaseAddress: 0x00000282b1000000, ArchiveRelocationMode: 1.
Compressed class space mapped at: 0x00000282b2000000-0x00000282f2000000, reserved size: 1073741824
Narrow klass base: 0x00000282b1000000, Narrow klass shift: 0, Narrow klass range: 0x100000000

GC Precious Log:
 CardTable entry size: 512
 Card Set container configuration: InlinePtr #cards 5 size 8 Array Of Cards #cards 12 size 40 Howl #buckets 4 coarsen threshold 1843 Howl Bitmap #cards 512 size 80 coarsen threshold 460 Card regions per heap region 1 cards per card region 2048
 CPUs: 8 total, 8 available
 Memory: 8043M
 Large Page Support: Disabled
 NUMA Support: Disabled
 Compressed Oops: Enabled (32-bit)
 Heap Region Size: 1M
 Heap Min Capacity: 8M
 Heap Initial Capacity: 126M
 Heap Max Capacity: 2012M
 Pre-touch: Disabled
 Parallel Workers: 8
 Concurrent Workers: 2
 Concurrent Refinement Workers: 8
 Periodic GC: Disabled

Heap:
 garbage-first heap   total 129024K, used 40325K [0x0000000082400000, 0x0000000100000000)
  region size 1024K, 37 young (37888K), 3 survivors (3072K)
 Metaspace       used 20414K, committed 20672K, reserved 1114112K
  class space    used 2581K, committed 2688K, reserved 1048576K

Heap Regions: E=young(eden), S=young(survivor), O=old, HS=humongous(starts), HC=humongous(continues), CS=collection set, F=free, TAMS=top-at-mark-start, PB=parsable bottom
|   0|0x0000000082400000, 0x0000000082500000, 0x0000000082500000|100%| O|  |TAMS 0x0000000082400000| PB 0x0000000082400000| Untracked 
|   1|0x0000000082500000, 0x0000000082600000, 0x0000000082600000|100%| O|  |TAMS 0x0000000082500000| PB 0x0000000082500000| Untracked 
|   2|0x0000000082600000, 0x0000000082700000, 0x0000000082700000|100%| O|  |TAMS 0x0000000082600000| PB 0x0000000082600000| Untracked 
|   3|0x0000000082700000, 0x0000000082800000, 0x0000000082800000|100%| O|  |TAMS 0x0000000082700000| PB 0x0000000082700000| Untracked 
|   4|0x0000000082800000, 0x0000000082900000, 0x0000000082900000|100%| O|  |TAMS 0x0000000082800000| PB 0x0000000082800000| Untracked 
|   5|0x0000000082900000, 0x0000000082900000, 0x0000000082a00000|  0%| F|  |TAMS 0x0000000082900000| PB 0x0000000082900000| Untracked 
|   6|0x0000000082a00000, 0x0000000082a00000, 0x0000000082b00000|  0%| F|  |TAMS 0x0000000082a00000| PB 0x0000000082a00000| Untracked 
|   7|0x0000000082b00000, 0x0000000082b00000, 0x0000000082c00000|  0%| F|  |TAMS 0x0000000082b00000| PB 0x0000000082b00000| Untracked 
|   8|0x0000000082c00000, 0x0000000082c00000, 0x0000000082d00000|  0%| F|  |TAMS 0x0000000082c00000| PB 0x0000000082c00000| Untracked 
|   9|0x0000000082d00000, 0x0000000082d00000, 0x0000000082e00000|  0%| F|  |TAMS 0x0000000082d00000| PB 0x0000000082d00000| Untracked 
|  10|0x0000000082e00000, 0x0000000082e00000, 0x0000000082f00000|  0%| F|  |TAMS 0x0000000082e00000| PB 0x0000000082e00000| Untracked 
|  11|0x0000000082f00000, 0x0000000082f00000, 0x0000000083000000|  0%| F|  |TAMS 0x0000000082f00000| PB 0x0000000082f00000| Untracked 
|  12|0x0000000083000000, 0x0000000083000000, 0x0000000083100000|  0%| F|  |TAMS 0x0000000083000000| PB 0x0000000083000000| Untracked 
|  13|0x0000000083100000, 0x0000000083100000, 0x0000000083200000|  0%| F|  |TAMS 0x0000000083100000| PB 0x0000000083100000| Untracked 
|  14|0x0000000083200000, 0x0000000083200000, 0x0000000083300000|  0%| F|  |TAMS 0x0000000083200000| PB 0x0000000083200000| Untracked 
|  15|0x0000000083300000, 0x0000000083300000, 0x0000000083400000|  0%| F|  |TAMS 0x0000000083300000| PB 0x0000000083300000| Untracked 
|  16|0x0000000083400000, 0x0000000083400000, 0x0000000083500000|  0%| F|  |TAMS 0x0000000083400000| PB 0x0000000083400000| Untracked 
|  17|0x0000000083500000, 0x0000000083500000, 0x0000000083600000|  0%| F|  |TAMS 0x0000000083500000| PB 0x0000000083500000| Untracked 
|  18|0x0000000083600000, 0x0000000083600000, 0x0000000083700000|  0%| F|  |TAMS 0x0000000083600000| PB 0x0000000083600000| Untracked 
|  19|0x0000000083700000, 0x0000000083700000, 0x0000000083800000|  0%| F|  |TAMS 0x0000000083700000| PB 0x0000000083700000| Untracked 
|  20|0x0000000083800000, 0x0000000083800000, 0x0000000083900000|  0%| F|  |TAMS 0x0000000083800000| PB 0x0000000083800000| Untracked 
|  21|0x0000000083900000, 0x0000000083900000, 0x0000000083a00000|  0%| F|  |TAMS 0x0000000083900000| PB 0x0000000083900000| Untracked 
|  22|0x0000000083a00000, 0x0000000083a00000, 0x0000000083b00000|  0%| F|  |TAMS 0x0000000083a00000| PB 0x0000000083a00000| Untracked 
|  23|0x0000000083b00000, 0x0000000083b00000, 0x0000000083c00000|  0%| F|  |TAMS 0x0000000083b00000| PB 0x0000000083b00000| Untracked 
|  24|0x0000000083c00000, 0x0000000083c00000, 0x0000000083d00000|  0%| F|  |TAMS 0x0000000083c00000| PB 0x0000000083c00000| Untracked 
|  25|0x0000000083d00000, 0x0000000083d00000, 0x0000000083e00000|  0%| F|  |TAMS 0x0000000083d00000| PB 0x0000000083d00000| Untracked 
|  26|0x0000000083e00000, 0x0000000083e00000, 0x0000000083f00000|  0%| F|  |TAMS 0x0000000083e00000| PB 0x0000000083e00000| Untracked 
|  27|0x0000000083f00000, 0x0000000083f00000, 0x0000000084000000|  0%| F|  |TAMS 0x0000000083f00000| PB 0x0000000083f00000| Untracked 
|  28|0x0000000084000000, 0x0000000084000000, 0x0000000084100000|  0%| F|  |TAMS 0x0000000084000000| PB 0x0000000084000000| Untracked 
|  29|0x0000000084100000, 0x0000000084100000, 0x0000000084200000|  0%| F|  |TAMS 0x0000000084100000| PB 0x0000000084100000| Untracked 
|  30|0x0000000084200000, 0x0000000084200000, 0x0000000084300000|  0%| F|  |TAMS 0x0000000084200000| PB 0x0000000084200000| Untracked 
|  31|0x0000000084300000, 0x0000000084300000, 0x0000000084400000|  0%| F|  |TAMS 0x0000000084300000| PB 0x0000000084300000| Untracked 
|  32|0x0000000084400000, 0x0000000084400000, 0x0000000084500000|  0%| F|  |TAMS 0x0000000084400000| PB 0x0000000084400000| Untracked 
|  33|0x0000000084500000, 0x0000000084500000, 0x0000000084600000|  0%| F|  |TAMS 0x0000000084500000| PB 0x0000000084500000| Untracked 
|  34|0x0000000084600000, 0x0000000084600000, 0x0000000084700000|  0%| F|  |TAMS 0x0000000084600000| PB 0x0000000084600000| Untracked 
|  35|0x0000000084700000, 0x0000000084700000, 0x0000000084800000|  0%| F|  |TAMS 0x0000000084700000| PB 0x0000000084700000| Untracked 
|  36|0x0000000084800000, 0x0000000084800000, 0x0000000084900000|  0%| F|  |TAMS 0x0000000084800000| PB 0x0000000084800000| Untracked 
|  37|0x0000000084900000, 0x0000000084900000, 0x0000000084a00000|  0%| F|  |TAMS 0x0000000084900000| PB 0x0000000084900000| Untracked 
|  38|0x0000000084a00000, 0x0000000084a00000, 0x0000000084b00000|  0%| F|  |TAMS 0x0000000084a00000| PB 0x0000000084a00000| Untracked 
|  39|0x0000000084b00000, 0x0000000084b00000, 0x0000000084c00000|  0%| F|  |TAMS 0x0000000084b00000| PB 0x0000000084b00000| Untracked 
|  40|0x0000000084c00000, 0x0000000084c00000, 0x0000000084d00000|  0%| F|  |TAMS 0x0000000084c00000| PB 0x0000000084c00000| Untracked 
|  41|0x0000000084d00000, 0x0000000084d00000, 0x0000000084e00000|  0%| F|  |TAMS 0x0000000084d00000| PB 0x0000000084d00000| Untracked 
|  42|0x0000000084e00000, 0x0000000084e00000, 0x0000000084f00000|  0%| F|  |TAMS 0x0000000084e00000| PB 0x0000000084e00000| Untracked 
|  43|0x0000000084f00000, 0x0000000084f00000, 0x0000000085000000|  0%| F|  |TAMS 0x0000000084f00000| PB 0x0000000084f00000| Untracked 
|  44|0x0000000085000000, 0x0000000085000000, 0x0000000085100000|  0%| F|  |TAMS 0x0000000085000000| PB 0x0000000085000000| Untracked 
|  45|0x0000000085100000, 0x0000000085100000, 0x0000000085200000|  0%| F|  |TAMS 0x0000000085100000| PB 0x0000000085100000| Untracked 
|  46|0x0000000085200000, 0x0000000085200000, 0x0000000085300000|  0%| F|  |TAMS 0x0000000085200000| PB 0x0000000085200000| Untracked 
|  47|0x0000000085300000, 0x0000000085300000, 0x0000000085400000|  0%| F|  |TAMS 0x0000000085300000| PB 0x0000000085300000| Untracked 
|  48|0x0000000085400000, 0x0000000085400000, 0x0000000085500000|  0%| F|  |TAMS 0x0000000085400000| PB 0x0000000085400000| Untracked 
|  49|0x0000000085500000, 0x0000000085500000, 0x0000000085600000|  0%| F|  |TAMS 0x0000000085500000| PB 0x0000000085500000| Untracked 
|  50|0x0000000085600000, 0x0000000085600000, 0x0000000085700000|  0%| F|  |TAMS 0x0000000085600000| PB 0x0000000085600000| Untracked 
|  51|0x0000000085700000, 0x0000000085700000, 0x0000000085800000|  0%| F|  |TAMS 0x0000000085700000| PB 0x0000000085700000| Untracked 
|  52|0x0000000085800000, 0x0000000085800000, 0x0000000085900000|  0%| F|  |TAMS 0x0000000085800000| PB 0x0000000085800000| Untracked 
|  53|0x0000000085900000, 0x0000000085900000, 0x0000000085a00000|  0%| F|  |TAMS 0x0000000085900000| PB 0x0000000085900000| Untracked 
|  54|0x0000000085a00000, 0x0000000085a00000, 0x0000000085b00000|  0%| F|  |TAMS 0x0000000085a00000| PB 0x0000000085a00000| Untracked 
|  55|0x0000000085b00000, 0x0000000085b00000, 0x0000000085c00000|  0%| F|  |TAMS 0x0000000085b00000| PB 0x0000000085b00000| Untracked 
|  56|0x0000000085c00000, 0x0000000085c00000, 0x0000000085d00000|  0%| F|  |TAMS 0x0000000085c00000| PB 0x0000000085c00000| Untracked 
|  57|0x0000000085d00000, 0x0000000085d00000, 0x0000000085e00000|  0%| F|  |TAMS 0x0000000085d00000| PB 0x0000000085d00000| Untracked 
|  58|0x0000000085e00000, 0x0000000085e00000, 0x0000000085f00000|  0%| F|  |TAMS 0x0000000085e00000| PB 0x0000000085e00000| Untracked 
|  59|0x0000000085f00000, 0x0000000085f00000, 0x0000000086000000|  0%| F|  |TAMS 0x0000000085f00000| PB 0x0000000085f00000| Untracked 
|  60|0x0000000086000000, 0x0000000086000000, 0x0000000086100000|  0%| F|  |TAMS 0x0000000086000000| PB 0x0000000086000000| Untracked 
|  61|0x0000000086100000, 0x0000000086100000, 0x0000000086200000|  0%| F|  |TAMS 0x0000000086100000| PB 0x0000000086100000| Untracked 
|  62|0x0000000086200000, 0x0000000086200000, 0x0000000086300000|  0%| F|  |TAMS 0x0000000086200000| PB 0x0000000086200000| Untracked 
|  63|0x0000000086300000, 0x0000000086300000, 0x0000000086400000|  0%| F|  |TAMS 0x0000000086300000| PB 0x0000000086300000| Untracked 
|  64|0x0000000086400000, 0x0000000086400000, 0x0000000086500000|  0%| F|  |TAMS 0x0000000086400000| PB 0x0000000086400000| Untracked 
|  65|0x0000000086500000, 0x0000000086500000, 0x0000000086600000|  0%| F|  |TAMS 0x0000000086500000| PB 0x0000000086500000| Untracked 
|  66|0x0000000086600000, 0x0000000086600000, 0x0000000086700000|  0%| F|  |TAMS 0x0000000086600000| PB 0x0000000086600000| Untracked 
|  67|0x0000000086700000, 0x0000000086700000, 0x0000000086800000|  0%| F|  |TAMS 0x0000000086700000| PB 0x0000000086700000| Untracked 
|  68|0x0000000086800000, 0x0000000086800000, 0x0000000086900000|  0%| F|  |TAMS 0x0000000086800000| PB 0x0000000086800000| Untracked 
|  69|0x0000000086900000, 0x0000000086900000, 0x0000000086a00000|  0%| F|  |TAMS 0x0000000086900000| PB 0x0000000086900000| Untracked 
|  70|0x0000000086a00000, 0x0000000086a00000, 0x0000000086b00000|  0%| F|  |TAMS 0x0000000086a00000| PB 0x0000000086a00000| Untracked 
|  71|0x0000000086b00000, 0x0000000086b00000, 0x0000000086c00000|  0%| F|  |TAMS 0x0000000086b00000| PB 0x0000000086b00000| Untracked 
|  72|0x0000000086c00000, 0x0000000086c00000, 0x0000000086d00000|  0%| F|  |TAMS 0x0000000086c00000| PB 0x0000000086c00000| Untracked 
|  73|0x0000000086d00000, 0x0000000086d00000, 0x0000000086e00000|  0%| F|  |TAMS 0x0000000086d00000| PB 0x0000000086d00000| Untracked 
|  74|0x0000000086e00000, 0x0000000086e00000, 0x0000000086f00000|  0%| F|  |TAMS 0x0000000086e00000| PB 0x0000000086e00000| Untracked 
|  75|0x0000000086f00000, 0x0000000086f00000, 0x0000000087000000|  0%| F|  |TAMS 0x0000000086f00000| PB 0x0000000086f00000| Untracked 
|  76|0x0000000087000000, 0x0000000087000000, 0x0000000087100000|  0%| F|  |TAMS 0x0000000087000000| PB 0x0000000087000000| Untracked 
|  77|0x0000000087100000, 0x0000000087100000, 0x0000000087200000|  0%| F|  |TAMS 0x0000000087100000| PB 0x0000000087100000| Untracked 
|  78|0x0000000087200000, 0x0000000087200000, 0x0000000087300000|  0%| F|  |TAMS 0x0000000087200000| PB 0x0000000087200000| Untracked 
|  79|0x0000000087300000, 0x0000000087300000, 0x0000000087400000|  0%| F|  |TAMS 0x0000000087300000| PB 0x0000000087300000| Untracked 
|  80|0x0000000087400000, 0x0000000087400000, 0x0000000087500000|  0%| F|  |TAMS 0x0000000087400000| PB 0x0000000087400000| Untracked 
|  81|0x0000000087500000, 0x0000000087500000, 0x0000000087600000|  0%| F|  |TAMS 0x0000000087500000| PB 0x0000000087500000| Untracked 
|  82|0x0000000087600000, 0x0000000087600000, 0x0000000087700000|  0%| F|  |TAMS 0x0000000087600000| PB 0x0000000087600000| Untracked 
|  83|0x0000000087700000, 0x0000000087700000, 0x0000000087800000|  0%| F|  |TAMS 0x0000000087700000| PB 0x0000000087700000| Untracked 
|  84|0x0000000087800000, 0x0000000087800000, 0x0000000087900000|  0%| F|  |TAMS 0x0000000087800000| PB 0x0000000087800000| Untracked 
|  85|0x0000000087900000, 0x0000000087900000, 0x0000000087a00000|  0%| F|  |TAMS 0x0000000087900000| PB 0x0000000087900000| Untracked 
|  86|0x0000000087a00000, 0x0000000087a00000, 0x0000000087b00000|  0%| F|  |TAMS 0x0000000087a00000| PB 0x0000000087a00000| Untracked 
|  87|0x0000000087b00000, 0x0000000087b00000, 0x0000000087c00000|  0%| F|  |TAMS 0x0000000087b00000| PB 0x0000000087b00000| Untracked 
|  88|0x0000000087c00000, 0x0000000087c00000, 0x0000000087d00000|  0%| F|  |TAMS 0x0000000087c00000| PB 0x0000000087c00000| Untracked 
|  89|0x0000000087d00000, 0x0000000087d615d0, 0x0000000087e00000| 38%| S|CS|TAMS 0x0000000087d00000| PB 0x0000000087d00000| Complete 
|  90|0x0000000087e00000, 0x0000000087f00000, 0x0000000087f00000|100%| S|CS|TAMS 0x0000000087e00000| PB 0x0000000087e00000| Complete 
|  91|0x0000000087f00000, 0x0000000088000000, 0x0000000088000000|100%| S|CS|TAMS 0x0000000087f00000| PB 0x0000000087f00000| Complete 
|  92|0x0000000088000000, 0x0000000088100000, 0x0000000088100000|100%| E|  |TAMS 0x0000000088000000| PB 0x0000000088000000| Complete 
|  93|0x0000000088100000, 0x0000000088200000, 0x0000000088200000|100%| E|CS|TAMS 0x0000000088100000| PB 0x0000000088100000| Complete 
|  94|0x0000000088200000, 0x0000000088300000, 0x0000000088300000|100%| E|CS|TAMS 0x0000000088200000| PB 0x0000000088200000| Complete 
|  95|0x0000000088300000, 0x0000000088400000, 0x0000000088400000|100%| E|CS|TAMS 0x0000000088300000| PB 0x0000000088300000| Complete 
|  96|0x0000000088400000, 0x0000000088500000, 0x0000000088500000|100%| E|CS|TAMS 0x0000000088400000| PB 0x0000000088400000| Complete 
|  97|0x0000000088500000, 0x0000000088600000, 0x0000000088600000|100%| E|CS|TAMS 0x0000000088500000| PB 0x0000000088500000| Complete 
|  98|0x0000000088600000, 0x0000000088700000, 0x0000000088700000|100%| E|CS|TAMS 0x0000000088600000| PB 0x0000000088600000| Complete 
|  99|0x0000000088700000, 0x0000000088800000, 0x0000000088800000|100%| E|CS|TAMS 0x0000000088700000| PB 0x0000000088700000| Complete 
| 100|0x0000000088800000, 0x0000000088900000, 0x0000000088900000|100%| E|CS|TAMS 0x0000000088800000| PB 0x0000000088800000| Complete 
| 101|0x0000000088900000, 0x0000000088a00000, 0x0000000088a00000|100%| E|CS|TAMS 0x0000000088900000| PB 0x0000000088900000| Complete 
| 102|0x0000000088a00000, 0x0000000088b00000, 0x0000000088b00000|100%| E|CS|TAMS 0x0000000088a00000| PB 0x0000000088a00000| Complete 
| 103|0x0000000088b00000, 0x0000000088c00000, 0x0000000088c00000|100%| E|CS|TAMS 0x0000000088b00000| PB 0x0000000088b00000| Complete 
| 104|0x0000000088c00000, 0x0000000088d00000, 0x0000000088d00000|100%| E|CS|TAMS 0x0000000088c00000| PB 0x0000000088c00000| Complete 
| 105|0x0000000088d00000, 0x0000000088e00000, 0x0000000088e00000|100%| E|CS|TAMS 0x0000000088d00000| PB 0x0000000088d00000| Complete 
| 106|0x0000000088e00000, 0x0000000088f00000, 0x0000000088f00000|100%| E|CS|TAMS 0x0000000088e00000| PB 0x0000000088e00000| Complete 
| 107|0x0000000088f00000, 0x0000000089000000, 0x0000000089000000|100%| E|CS|TAMS 0x0000000088f00000| PB 0x0000000088f00000| Complete 
| 108|0x0000000089000000, 0x0000000089100000, 0x0000000089100000|100%| E|CS|TAMS 0x0000000089000000| PB 0x0000000089000000| Complete 
| 109|0x0000000089100000, 0x0000000089200000, 0x0000000089200000|100%| E|CS|TAMS 0x0000000089100000| PB 0x0000000089100000| Complete 
| 110|0x0000000089200000, 0x0000000089300000, 0x0000000089300000|100%| E|  |TAMS 0x0000000089200000| PB 0x0000000089200000| Complete 
| 111|0x0000000089300000, 0x0000000089400000, 0x0000000089400000|100%| E|CS|TAMS 0x0000000089300000| PB 0x0000000089300000| Complete 
| 112|0x0000000089400000, 0x0000000089500000, 0x0000000089500000|100%| E|CS|TAMS 0x0000000089400000| PB 0x0000000089400000| Complete 
| 113|0x0000000089500000, 0x0000000089600000, 0x0000000089600000|100%| E|CS|TAMS 0x0000000089500000| PB 0x0000000089500000| Complete 
| 114|0x0000000089600000, 0x0000000089700000, 0x0000000089700000|100%| E|CS|TAMS 0x0000000089600000| PB 0x0000000089600000| Complete 
| 115|0x0000000089700000, 0x0000000089800000, 0x0000000089800000|100%| E|CS|TAMS 0x0000000089700000| PB 0x0000000089700000| Complete 
| 116|0x0000000089800000, 0x0000000089900000, 0x0000000089900000|100%| E|CS|TAMS 0x0000000089800000| PB 0x0000000089800000| Complete 
| 117|0x0000000089900000, 0x0000000089a00000, 0x0000000089a00000|100%| E|CS|TAMS 0x0000000089900000| PB 0x0000000089900000| Complete 
| 118|0x0000000089a00000, 0x0000000089b00000, 0x0000000089b00000|100%| E|CS|TAMS 0x0000000089a00000| PB 0x0000000089a00000| Complete 
| 119|0x0000000089b00000, 0x0000000089c00000, 0x0000000089c00000|100%| E|CS|TAMS 0x0000000089b00000| PB 0x0000000089b00000| Complete 
| 120|0x0000000089c00000, 0x0000000089d00000, 0x0000000089d00000|100%| E|CS|TAMS 0x0000000089c00000| PB 0x0000000089c00000| Complete 
| 121|0x0000000089d00000, 0x0000000089e00000, 0x0000000089e00000|100%| E|CS|TAMS 0x0000000089d00000| PB 0x0000000089d00000| Complete 
| 122|0x0000000089e00000, 0x0000000089f00000, 0x0000000089f00000|100%| E|CS|TAMS 0x0000000089e00000| PB 0x0000000089e00000| Complete 
| 123|0x0000000089f00000, 0x000000008a000000, 0x000000008a000000|100%| E|CS|TAMS 0x0000000089f00000| PB 0x0000000089f00000| Complete 
| 124|0x000000008a000000, 0x000000008a100000, 0x000000008a100000|100%| E|CS|TAMS 0x000000008a000000| PB 0x000000008a000000| Complete 
| 125|0x000000008a100000, 0x000000008a200000, 0x000000008a200000|100%| E|CS|TAMS 0x000000008a100000| PB 0x000000008a100000| Complete 

Card table byte_map: [0x00000282abf60000,0x00000282ac350000] _byte_map_base: 0x00000282abb4e000

Marking Bits: (CMBitMap*) 0x00000282944297a0
 Bits: [0x00000282ac350000, 0x00000282ae2c0000)

Polling page: 0x0000028292390000

Metaspace:

Usage:
  Non-class:     17.42 MB used.
      Class:      2.52 MB used.
       Both:     19.94 MB used.

Virtual space:
  Non-class space:       64.00 MB reserved,      17.56 MB ( 27%) committed,  1 nodes.
      Class space:        1.00 GB reserved,       2.62 MB ( <1%) committed,  1 nodes.
             Both:        1.06 GB reserved,      20.19 MB (  2%) committed. 

Chunk freelists:
   Non-Class:  14.38 MB
       Class:  13.39 MB
        Both:  27.77 MB

MaxMetaspaceSize: unlimited
CompressedClassSpaceSize: 1.00 GB
Initial GC threshold: 21.00 MB
Current GC threshold: 21.00 MB
CDS: on
 - commit_granule_bytes: 65536.
 - commit_granule_words: 8192.
 - virtual_space_node_default_size: 8388608.
 - enlarge_chunks_in_place: 1.
 - use_allocation_guard: 0.


Internal statistics:

num_allocs_failed_limit: 0.
num_arena_births: 298.
num_arena_deaths: 0.
num_vsnodes_births: 2.
num_vsnodes_deaths: 0.
num_space_committed: 323.
num_space_uncommitted: 0.
num_chunks_returned_to_freelist: 0.
num_chunks_taken_from_freelist: 1011.
num_chunk_merges: 0.
num_chunk_splits: 668.
num_chunks_enlarged: 477.
num_inconsistent_stats: 0.

CodeHeap 'non-profiled nmethods': size=120000Kb used=1086Kb max_used=1086Kb free=118913Kb
 bounds [0x00000282a4300000, 0x00000282a4570000, 0x00000282ab830000]
CodeHeap 'profiled nmethods': size=120000Kb used=5175Kb max_used=5175Kb free=114824Kb
 bounds [0x000002829c830000, 0x000002829cd40000, 0x00000282a3d60000]
CodeHeap 'non-nmethods': size=5760Kb used=1436Kb max_used=1477Kb free=4323Kb
 bounds [0x00000282a3d60000, 0x00000282a3fd0000, 0x00000282a4300000]
 total_blobs=3179 nmethods=2656 adapters=427
 compilation: enabled
              stopped_count=0, restarted_count=0
 full_count=0

Compilation events (20 events):
Event: 1.160 Thread 0x00000282b0d0e520 nmethod 2649 0x000002829cd38710 code [0x000002829cd389c0, 0x000002829cd39518]
Event: 1.161 Thread 0x00000282b0d0e520 2650       3       java.lang.Class::getDeclaredAnnotations (11 bytes)
Event: 1.161 Thread 0x00000282b0d0e520 nmethod 2650 0x000002829cd39910 code [0x000002829cd39b00, 0x000002829cd39f48]
Event: 1.161 Thread 0x00000282b0d0e520 2651       3       java.util.concurrent.CopyOnWriteArrayList::iterator (13 bytes)
Event: 1.161 Thread 0x00000282b0d0e520 nmethod 2651 0x000002829cd3a090 code [0x000002829cd3a240, 0x000002829cd3a4d8]
Event: 1.161 Thread 0x00000282b0d0e520 2652       3       java.util.concurrent.CopyOnWriteArrayList$COWIterator::<init> (15 bytes)
Event: 1.161 Thread 0x00000282b0d0e520 nmethod 2652 0x000002829cd3a610 code [0x000002829cd3a7c0, 0x000002829cd3a980]
Event: 1.161 Thread 0x00000282b0d0e520 2653       3       org.springframework.boot.env.SystemEnvironmentPropertySourceEnvironmentPostProcessor$OriginAwareSystemEnvironmentPropertySource::getProperty (6 bytes)
Event: 1.162 Thread 0x00000282b0d0e520 nmethod 2653 0x000002829cd3aa10 code [0x000002829cd3abc0, 0x000002829cd3ad00]
Event: 1.162 Thread 0x00000282b0d0e520 2654       3       org.springframework.core.env.SystemEnvironmentPropertySource::getProperty (52 bytes)
Event: 1.162 Thread 0x00000282b0d0e520 nmethod 2654 0x000002829cd3ad90 code [0x000002829cd3afc0, 0x000002829cd3b6d0]
Event: 1.162 Thread 0x00000282b0d0e520 2655       3       org.springframework.core.env.SystemEnvironmentPropertySource::resolvePropertyName (45 bytes)
Event: 1.162 Thread 0x00000282b0d0e520 nmethod 2655 0x000002829cd3b910 code [0x000002829cd3bb60, 0x000002829cd3c270]
Event: 1.162 Thread 0x00000282b0d0e520 2656       3       java.lang.String::toUpperCase (8 bytes)
Event: 1.162 Thread 0x00000282b0d0e520 nmethod 2656 0x000002829cd3c510 code [0x000002829cd3c700, 0x000002829cd3ca90]
Event: 1.162 Thread 0x00000282b0d0e520 2658       3       java.lang.Class::privateGetDeclaredConstructors (79 bytes)
Event: 1.163 Thread 0x00000282b0d0e520 nmethod 2658 0x000002829cd3cb90 code [0x000002829cd3cda0, 0x000002829cd3d2c0]
Event: 1.163 Thread 0x00000282b0d0e520 2659       3       org.springframework.util.MultiValueMapAdapter::add (28 bytes)
Event: 1.163 Thread 0x00000282b0d0e520 nmethod 2659 0x000002829cd3d490 code [0x000002829cd3d680, 0x000002829cd3dbb0]
Event: 1.164 Thread 0x00000282b0d0e520 2661       3       org.springframework.asm.ClassReader::accept (1401 bytes)

GC Heap History (4 events):
Event: 0.497 GC heap before
{Heap before GC invocations=0 (full 0):
 garbage-first heap   total 129024K, used 22528K [0x0000000082400000, 0x0000000100000000)
  region size 1024K, 23 young (23552K), 0 survivors (0K)
 Metaspace       used 6227K, committed 6464K, reserved 1114112K
  class space    used 714K, committed 832K, reserved 1048576K
}
Event: 0.501 GC heap after
{Heap after GC invocations=1 (full 0):
 garbage-first heap   total 129024K, used 5002K [0x0000000082400000, 0x0000000100000000)
  region size 1024K, 3 young (3072K), 3 survivors (3072K)
 Metaspace       used 6227K, committed 6464K, reserved 1114112K
  class space    used 714K, committed 832K, reserved 1048576K
}
Event: 0.870 GC heap before
{Heap before GC invocations=1 (full 0):
 garbage-first heap   total 129024K, used 35722K [0x0000000082400000, 0x0000000100000000)
  region size 1024K, 34 young (34816K), 3 survivors (3072K)
 Metaspace       used 14213K, committed 14464K, reserved 1114112K
  class space    used 1863K, committed 1984K, reserved 1048576K
}
Event: 0.874 GC heap after
{Heap after GC invocations=2 (full 0):
 garbage-first heap   total 129024K, used 7557K [0x0000000082400000, 0x0000000100000000)
  region size 1024K, 3 young (3072K), 3 survivors (3072K)
 Metaspace       used 14213K, committed 14464K, reserved 1114112K
  class space    used 1863K, committed 1984K, reserved 1048576K
}

Dll operation events (9 events):
Event: 0.006 Loaded shared library C:\Program Files\Java\jdk-21\bin\java.dll
Event: 0.038 Loaded shared library C:\Program Files\Java\jdk-21\bin\jsvml.dll
Event: 0.083 Loaded shared library C:\Program Files\Java\jdk-21\bin\net.dll
Event: 0.085 Loaded shared library C:\Program Files\Java\jdk-21\bin\nio.dll
Event: 0.090 Loaded shared library C:\Program Files\Java\jdk-21\bin\zip.dll
Event: 0.174 Loaded shared library C:\Program Files\Java\jdk-21\bin\jimage.dll
Event: 0.365 Loaded shared library C:\Program Files\Java\jdk-21\bin\management.dll
Event: 0.366 Loaded shared library C:\Program Files\Java\jdk-21\bin\management_ext.dll
Event: 1.111 Loaded shared library C:\Program Files\Java\jdk-21\bin\sunmscapi.dll

Deoptimization events (20 events):
Event: 1.058 Thread 0x00000282f6df8eb0 Uncommon trap: trap_request=0xffffff45 fr.pc=0x00000282a43b03fc relative=0x00000000000002bc
Event: 1.058 Thread 0x00000282f6df8eb0 Uncommon trap: reason=unstable_if action=reinterpret pc=0x00000282a43b03fc method=java.util.LinkedHashMap.get(Ljava/lang/Object;)Ljava/lang/Object; @ 16 c2
Event: 1.058 Thread 0x00000282f6df8eb0 DEOPT PACKING pc=0x00000282a43b03fc sp=0x00000094aa4fe4f0
Event: 1.058 Thread 0x00000282f6df8eb0 DEOPT UNPACKING pc=0x00000282a3db46a2 sp=0x00000094aa4fe498 mode 2
Event: 1.068 Thread 0x00000282f6df8eb0 Uncommon trap: trap_request=0xffffff45 fr.pc=0x00000282a43cacfc relative=0x00000000000007dc
Event: 1.068 Thread 0x00000282f6df8eb0 Uncommon trap: reason=unstable_if action=reinterpret pc=0x00000282a43cacfc method=java.util.Properties.loadConvert([CIILjava/lang/StringBuilder;)Ljava/lang/String; @ 148 c2
Event: 1.068 Thread 0x00000282f6df8eb0 DEOPT PACKING pc=0x00000282a43cacfc sp=0x00000094aa4fded0
Event: 1.068 Thread 0x00000282f6df8eb0 DEOPT UNPACKING pc=0x00000282a3db46a2 sp=0x00000094aa4fde70 mode 2
Event: 1.068 Thread 0x00000282f6df8eb0 Uncommon trap: trap_request=0xffffff45 fr.pc=0x00000282a436e578 relative=0x0000000000000538
Event: 1.068 Thread 0x00000282f6df8eb0 Uncommon trap: reason=unstable_if action=reinterpret pc=0x00000282a436e578 method=java.lang.AbstractStringBuilder.isLatin1()Z @ 10 c2
Event: 1.068 Thread 0x00000282f6df8eb0 DEOPT PACKING pc=0x00000282a436e578 sp=0x00000094aa4fde20
Event: 1.068 Thread 0x00000282f6df8eb0 DEOPT UNPACKING pc=0x00000282a3db46a2 sp=0x00000094aa4fdcb8 mode 2
Event: 1.068 Thread 0x00000282f6df8eb0 DEOPT PACKING pc=0x000002829cc1b1ca sp=0x00000094aa4fdf50
Event: 1.068 Thread 0x00000282f6df8eb0 DEOPT UNPACKING pc=0x00000282a3db4e42 sp=0x00000094aa4fd448 mode 0
Event: 1.072 Thread 0x00000282f6df8eb0 DEOPT PACKING pc=0x000002829ccb3af6 sp=0x00000094aa4fe050
Event: 1.072 Thread 0x00000282f6df8eb0 DEOPT UNPACKING pc=0x00000282a3db4e42 sp=0x00000094aa4fd538 mode 0
Event: 1.092 Thread 0x00000282f6c12cf0 Uncommon trap: trap_request=0xffffff45 fr.pc=0x00000282a43eb2c8 relative=0x0000000000001488
Event: 1.092 Thread 0x00000282f6c12cf0 Uncommon trap: reason=unstable_if action=reinterpret pc=0x00000282a43eb2c8 method=jdk.internal.jimage.ImageLocation.verifyName(Ljava/lang/String;Ljava/lang/String;IIIIIILjdk/internal/jimage/ImageStrings;)Z @ 27 c2
Event: 1.092 Thread 0x00000282f6c12cf0 DEOPT PACKING pc=0x00000282a43eb2c8 sp=0x00000094a9efd770
Event: 1.092 Thread 0x00000282f6c12cf0 DEOPT UNPACKING pc=0x00000282a3db46a2 sp=0x00000094a9efd648 mode 2

Classes loaded (20 events):
Event: 1.118 Loading class sun/security/util/ByteArrayTagOrder
Event: 1.118 Loading class sun/security/util/ByteArrayTagOrder done
Event: 1.118 Loading class sun/security/util/ObjectIdentifier
Event: 1.118 Loading class sun/security/util/ObjectIdentifier done
Event: 1.121 Loading class java/security/spec/ECFieldF2m
Event: 1.121 Loading class java/security/spec/ECFieldF2m done
Event: 1.125 Loading class sun/security/ssl/SunJSSE
Event: 1.126 Loading class sun/security/ssl/SunJSSE done
Event: 1.126 Loading class com/sun/crypto/provider/SunJCE
Event: 1.127 Loading class com/sun/crypto/provider/SunJCE done
Event: 1.129 Loading class sun/security/provider/certpath/ldap/JdkLDAP
Event: 1.129 Loading class sun/security/provider/certpath/ldap/JdkLDAP done
Event: 1.130 Loading class sun/security/provider/certpath/ldap/JdkLDAP$ProviderService
Event: 1.130 Loading class sun/security/provider/certpath/ldap/JdkLDAP$ProviderService done
Event: 1.130 Loading class com/sun/security/sasl/Provider
Event: 1.130 Loading class com/sun/security/sasl/Provider done
Event: 1.130 Loading class com/sun/security/sasl/Provider$1
Event: 1.130 Loading class com/sun/security/sasl/Provider$1 done
Event: 1.130 Loading class com/sun/security/sasl/Provider$ProviderService
Event: 1.130 Loading class com/sun/security/sasl/Provider$ProviderService done

Classes unloaded (0 events):
No events

Classes redefined (0 events):
No events

Internal exceptions (20 events):
Event: 0.617 Thread 0x00000282f6c12cf0 Exception <a 'java/lang/NoSuchMethodError'{0x0000000089ab22c8}: 'void java.lang.invoke.DirectMethodHandle$Holder.invokeStaticInit(java.lang.Object, java.lang.Object, java.lang.Object)'> (0x0000000089ab22c8) 
thrown [s\open\src\hotspot\share\interpreter\linkResolver.cpp, line 773]
Event: 0.621 Thread 0x00000282f6c12cf0 Exception <a 'java/lang/NoSuchMethodError'{0x0000000089af70d8}: 'java.lang.Object java.lang.invoke.DirectMethodHandle$Holder.invokeVirtual(java.lang.Object, java.lang.Object, java.lang.Object)'> (0x0000000089af70d8) 
thrown [s\open\src\hotspot\share\interpreter\linkResolver.cpp, line 773]
Event: 0.623 Thread 0x00000282f6c12cf0 Exception <a 'java/lang/NoSuchMethodError'{0x0000000089916eb0}: 'java.lang.Object java.lang.invoke.DirectMethodHandle$Holder.invokeStatic(java.lang.Object, long, java.lang.Object)'> (0x0000000089916eb0) 
thrown [s\open\src\hotspot\share\interpreter\linkResolver.cpp, line 773]
Event: 0.623 Thread 0x00000282f6c12cf0 Exception <a 'java/lang/NoSuchMethodError'{0x000000008991a508}: 'java.lang.Object java.lang.invoke.DirectMethodHandle$Holder.invokeStaticInit(java.lang.Object, long, java.lang.Object)'> (0x000000008991a508) 
thrown [s\open\src\hotspot\share\interpreter\linkResolver.cpp, line 773]
Event: 0.623 Thread 0x00000282f6c12cf0 Exception <a 'java/lang/NoSuchMethodError'{0x000000008991fcb0}: 'java.lang.Object java.lang.invoke.DirectMethodHandle$Holder.newInvokeSpecial(java.lang.Object, long)'> (0x000000008991fcb0) 
thrown [s\open\src\hotspot\share\interpreter\linkResolver.cpp, line 773]
Event: 0.631 Thread 0x00000282f6c12cf0 Exception <a 'java/lang/NoSuchMethodError'{0x000000008996cea8}: 'void java.lang.invoke.DirectMethodHandle$Holder.invokeSpecial(java.lang.Object, java.lang.Object, java.lang.Object, java.lang.Object, java.lang.Object)'> (0x000000008996cea8) 
thrown [s\open\src\hotspot\share\interpreter\linkResolver.cpp, line 773]
Event: 0.632 Thread 0x00000282f6c12cf0 Exception <a 'java/lang/NoSuchMethodError'{0x0000000089974688}: 'void java.lang.invoke.DirectMethodHandle$Holder.invokeVirtual(java.lang.Object, java.lang.Object, java.lang.Object, java.lang.Object)'> (0x0000000089974688) 
thrown [s\open\src\hotspot\share\interpreter\linkResolver.cpp, line 773]
Event: 0.659 Thread 0x00000282f6c12cf0 Exception <a 'java/lang/IncompatibleClassChangeError'{0x00000000898eaf20}: Found class java.lang.Object, but interface was expected> (0x00000000898eaf20) 
thrown [s\open\src\hotspot\share\interpreter\linkResolver.cpp, line 840]
Event: 0.662 Thread 0x00000282f6c12cf0 Exception <a 'java/lang/NoSuchMethodError'{0x00000000898fee38}: 'java.lang.Object java.lang.invoke.DirectMethodHandle$Holder.invokeStaticInit(java.lang.Object, int)'> (0x00000000898fee38) 
thrown [s\open\src\hotspot\share\interpreter\linkResolver.cpp, line 773]
Event: 0.663 Thread 0x00000282f6c12cf0 Exception <a 'java/lang/NoSuchMethodError'{0x000000008972a238}: 'java.lang.Object java.lang.invoke.DirectMethodHandle$Holder.invokeStatic(java.lang.Object, int, java.lang.Object)'> (0x000000008972a238) 
thrown [s\open\src\hotspot\share\interpreter\linkResolver.cpp, line 773]
Event: 0.664 Thread 0x00000282f6c12cf0 Exception <a 'java/lang/NoSuchMethodError'{0x000000008972d888}: 'java.lang.Object java.lang.invoke.DirectMethodHandle$Holder.invokeStaticInit(java.lang.Object, int, java.lang.Object)'> (0x000000008972d888) 
thrown [s\open\src\hotspot\share\interpreter\linkResolver.cpp, line 773]
Event: 0.865 Thread 0x00000282f6c12cf0 Exception <a 'java/lang/NoSuchMethodError'{0x00000000881edc90}: 'int java.lang.invoke.DirectMethodHandle$Holder.invokeSpecial(java.lang.Object, java.lang.Object, java.lang.Object, java.lang.Object, java.lang.Object)'> (0x00000000881edc90) 
thrown [s\open\src\hotspot\share\interpreter\linkResolver.cpp, line 773]
Event: 0.867 Thread 0x00000282f6c12cf0 Exception <a 'java/lang/NoSuchMethodError'{0x00000000881f5dd0}: 'void java.lang.invoke.DirectMethodHandle$Holder.invokeVirtual(java.lang.Object, java.lang.Object)'> (0x00000000881f5dd0) 
thrown [s\open\src\hotspot\share\interpreter\linkResolver.cpp, line 773]
Event: 0.962 Thread 0x00000282f6c12cf0 Exception <a 'java/lang/IncompatibleClassChangeError'{0x0000000089544fa8}: Found class java.lang.Object, but interface was expected> (0x0000000089544fa8) 
thrown [s\open\src\hotspot\share\interpreter\linkResolver.cpp, line 840]
Event: 1.034 Thread 0x00000282f6df8eb0 Exception <a 'java/lang/NoSuchMethodError'{0x0000000088ce8270}: 'long java.lang.invoke.DirectMethodHandle$Holder.invokeSpecial(java.lang.Object, java.lang.Object)'> (0x0000000088ce8270) 
thrown [s\open\src\hotspot\share\interpreter\linkResolver.cpp, line 773]
Event: 1.035 Thread 0x00000282f6df8eb0 Exception <a 'java/lang/NoSuchMethodError'{0x0000000088b08898}: 'long java.lang.invoke.DirectMethodHandle$Holder.invokeStatic(java.lang.Object, java.lang.Object)'> (0x0000000088b08898) 
thrown [s\open\src\hotspot\share\interpreter\linkResolver.cpp, line 773]
Event: 1.035 Thread 0x00000282f6df8eb0 Exception <a 'java/lang/NoSuchMethodError'{0x0000000088b0b950}: 'long java.lang.invoke.DirectMethodHandle$Holder.invokeStaticInit(java.lang.Object, java.lang.Object)'> (0x0000000088b0b950) 
thrown [s\open\src\hotspot\share\interpreter\linkResolver.cpp, line 773]
Event: 1.037 Thread 0x00000282f6df8eb0 Exception <a 'java/lang/NoSuchMethodError'{0x0000000088b177e8}: 'long java.lang.invoke.DirectMethodHandle$Holder.invokeInterface(java.lang.Object, java.lang.Object)'> (0x0000000088b177e8) 
thrown [s\open\src\hotspot\share\interpreter\linkResolver.cpp, line 773]
Event: 1.037 Thread 0x00000282f6df8eb0 Exception <a 'java/lang/IncompatibleClassChangeError'{0x0000000088b1a7e8}: Found class java.lang.Object, but interface was expected> (0x0000000088b1a7e8) 
thrown [s\open\src\hotspot\share\interpreter\linkResolver.cpp, line 840]
Event: 1.039 Thread 0x00000282f6df8eb0 Exception <a 'java/lang/NoSuchMethodError'{0x0000000088b8eb40}: 'java.lang.Object java.lang.invoke.DirectMethodHandle$Holder.invokeVirtual(java.lang.Object, java.lang.Object, java.lang.Object, java.lang.Object)'> (0x0000000088b8eb40) 
thrown [s\open\src\hotspot\share\interpreter\linkResolver.cpp, line 773]

ZGC Phase Switch (0 events):
No events

VM Operations (20 events):
Event: 0.654 Executing VM operation: HandshakeAllThreads (Deoptimize)
Event: 0.654 Executing VM operation: HandshakeAllThreads (Deoptimize) done
Event: 0.654 Executing VM operation: HandshakeAllThreads (Deoptimize)
Event: 0.654 Executing VM operation: HandshakeAllThreads (Deoptimize) done
Event: 0.691 Executing VM operation: ICBufferFull
Event: 0.691 Executing VM operation: ICBufferFull done
Event: 0.804 Executing VM operation: HandshakeAllThreads (Deoptimize)
Event: 0.804 Executing VM operation: HandshakeAllThreads (Deoptimize) done
Event: 0.849 Executing VM operation: HandshakeAllThreads (Deoptimize)
Event: 0.849 Executing VM operation: HandshakeAllThreads (Deoptimize) done
Event: 0.870 Executing VM operation: G1CollectForAllocation (G1 Evacuation Pause)
Event: 0.874 Executing VM operation: G1CollectForAllocation (G1 Evacuation Pause) done
Event: 0.930 Executing VM operation: HandshakeAllThreads (Deoptimize)
Event: 0.930 Executing VM operation: HandshakeAllThreads (Deoptimize) done
Event: 1.060 Executing VM operation: ICBufferFull
Event: 1.060 Executing VM operation: ICBufferFull done
Event: 1.075 Executing VM operation: HandshakeAllThreads (Deoptimize)
Event: 1.075 Executing VM operation: HandshakeAllThreads (Deoptimize) done
Event: 1.117 Executing VM operation: HandshakeAllThreads (Deoptimize)
Event: 1.118 Executing VM operation: HandshakeAllThreads (Deoptimize) done

Events (19 events):
Event: 0.024 Thread 0x0000028292116700 Thread added: 0x0000028292116700
Event: 0.036 Thread 0x00000282b0cf1520 Thread added: 0x00000282b0cf1520
Event: 0.037 Thread 0x00000282b0cf2440 Thread added: 0x00000282b0cf2440
Event: 0.037 Thread 0x00000282b0cf6880 Thread added: 0x00000282b0cf6880
Event: 0.037 Thread 0x00000282b0cf7840 Thread added: 0x00000282b0cf7840
Event: 0.037 Thread 0x00000282b0cfaa50 Thread added: 0x00000282b0cfaa50
Event: 0.037 Thread 0x00000282b0cfbd80 Thread added: 0x00000282b0cfbd80
Event: 0.037 Thread 0x00000282b0cff2c0 Thread added: 0x00000282b0cff2c0
Event: 0.037 Thread 0x00000282b0d0e520 Thread added: 0x00000282b0d0e520
Event: 0.075 Thread 0x00000282f6149e20 Thread added: 0x00000282f6149e20
Event: 0.078 Thread 0x00000282f617a7d0 Thread added: 0x00000282f617a7d0
Event: 0.112 Thread 0x00000282f6177840 Thread added: 0x00000282f6177840
Event: 0.400 Thread 0x00000282f6c12680 Thread added: 0x00000282f6c12680
Event: 0.403 Thread 0x00000282f6c12cf0 Thread added: 0x00000282f6c12cf0
Event: 0.658 Thread 0x00000282f6df8eb0 Thread added: 0x00000282f6df8eb0
Event: 0.924 Thread 0x00000282f743f920 Thread added: 0x00000282f743f920
Event: 0.931 Thread 0x00000282f700d520 Thread added: 0x00000282f700d520
Event: 0.955 Thread 0x00000282f743f920 Thread exited: 0x00000282f743f920
Event: 1.132 Thread 0x00000282f6df8eb0 Thread exited: 0x00000282f6df8eb0


Dynamic libraries:
0x00007ff7216e0000 - 0x00007ff7216f0000 	C:\Program Files\Java\jdk-21\bin\javaw.exe
0x00007ffdc4750000 - 0x00007ffdc4966000 	C:\WINDOWS\SYSTEM32\ntdll.dll
0x00007ffdc3be0000 - 0x00007ffdc3ca4000 	C:\WINDOWS\System32\KERNEL32.DLL
0x00007ffdc20f0000 - 0x00007ffdc2496000 	C:\WINDOWS\System32\KERNELBASE.dll
0x00007ffdc1a90000 - 0x00007ffdc1ba1000 	C:\WINDOWS\System32\ucrtbase.dll
0x00007ffdb8d00000 - 0x00007ffdb8d19000 	C:\Program Files\Java\jdk-21\bin\jli.dll
0x00007ffdb8ce0000 - 0x00007ffdb8cfb000 	C:\Program Files\Java\jdk-21\bin\VCRUNTIME140.dll
0x00007ffdc2cf0000 - 0x00007ffdc2da2000 	C:\WINDOWS\System32\ADVAPI32.dll
0x00007ffdc4560000 - 0x00007ffdc4607000 	C:\WINDOWS\System32\msvcrt.dll
0x00007ffdc2b30000 - 0x00007ffdc2bd8000 	C:\WINDOWS\System32\sechost.dll
0x00007ffdc1f60000 - 0x00007ffdc1f88000 	C:\WINDOWS\System32\bcrypt.dll
0x00007ffdc2650000 - 0x00007ffdc2765000 	C:\WINDOWS\System32\RPCRT4.dll
0x00007ffdc24a0000 - 0x00007ffdc264d000 	C:\WINDOWS\System32\USER32.dll
0x00007ffdc1bb0000 - 0x00007ffdc1bd6000 	C:\WINDOWS\System32\win32u.dll
0x00007ffda4e50000 - 0x00007ffda50e3000 	C:\WINDOWS\WinSxS\amd64_microsoft.windows.common-controls_6595b64144ccf1df_6.0.22621.3235_none_270f74e173860f98\COMCTL32.dll
0x00007ffdc3b90000 - 0x00007ffdc3bb9000 	C:\WINDOWS\System32\GDI32.dll
0x00007ffdc1d50000 - 0x00007ffdc1e68000 	C:\WINDOWS\System32\gdi32full.dll
0x00007ffdc1f90000 - 0x00007ffdc202a000 	C:\WINDOWS\System32\msvcp_win.dll
0x00007ffdb7330000 - 0x00007ffdb733a000 	C:\WINDOWS\SYSTEM32\VERSION.dll
0x00007ffdc2880000 - 0x00007ffdc28b1000 	C:\WINDOWS\System32\IMM32.DLL
0x00007ffdbd450000 - 0x00007ffdbd45c000 	C:\Program Files\Java\jdk-21\bin\vcruntime140_1.dll
0x00007ffdafe80000 - 0x00007ffdaff0e000 	C:\Program Files\Java\jdk-21\bin\msvcp140.dll
0x00007ffd627a0000 - 0x00007ffd634b7000 	C:\Program Files\Java\jdk-21\bin\server\jvm.dll
0x00007ffdc27f0000 - 0x00007ffdc2861000 	C:\WINDOWS\System32\WS2_32.dll
0x00007ffdc1500000 - 0x00007ffdc154d000 	C:\WINDOWS\SYSTEM32\POWRPROF.dll
0x00007ffdb77a0000 - 0x00007ffdb77d4000 	C:\WINDOWS\SYSTEM32\WINMM.dll
0x00007ffdc13f0000 - 0x00007ffdc1403000 	C:\WINDOWS\SYSTEM32\UMPDC.dll
0x00007ffdc0ad0000 - 0x00007ffdc0ae8000 	C:\WINDOWS\SYSTEM32\kernel.appcore.dll
0x00007ffdbd360000 - 0x00007ffdbd36a000 	C:\Program Files\Java\jdk-21\bin\jimage.dll
0x00007ffdb78c0000 - 0x00007ffdb7af3000 	C:\WINDOWS\SYSTEM32\DBGHELP.DLL
0x00007ffdc3f40000 - 0x00007ffdc42c8000 	C:\WINDOWS\System32\combase.dll
0x00007ffdc3cb0000 - 0x00007ffdc3d87000 	C:\WINDOWS\System32\OLEAUT32.dll
0x00007ffda4340000 - 0x00007ffda4372000 	C:\WINDOWS\SYSTEM32\dbgcore.DLL
0x00007ffdc1e70000 - 0x00007ffdc1eea000 	C:\WINDOWS\System32\bcryptPrimitives.dll
0x00007ffdb7490000 - 0x00007ffdb74af000 	C:\Program Files\Java\jdk-21\bin\java.dll
0x00007ffdc32b0000 - 0x00007ffdc3b0d000 	C:\WINDOWS\System32\SHELL32.dll
0x00007ffdbf9f0000 - 0x00007ffdc02e8000 	C:\WINDOWS\SYSTEM32\windows.storage.dll
0x00007ffdbf8b0000 - 0x00007ffdbf9ee000 	C:\WINDOWS\SYSTEM32\wintypes.dll
0x00007ffdc2bf0000 - 0x00007ffdc2ce3000 	C:\WINDOWS\System32\SHCORE.dll
0x00007ffdc4470000 - 0x00007ffdc44ce000 	C:\WINDOWS\System32\shlwapi.dll
0x00007ffdc19c0000 - 0x00007ffdc19e6000 	C:\WINDOWS\SYSTEM32\profapi.dll
0x00007ffdafda0000 - 0x00007ffdafe77000 	C:\Program Files\Java\jdk-21\bin\jsvml.dll
0x00007ffdb60e0000 - 0x00007ffdb60f0000 	C:\Program Files\Java\jdk-21\bin\net.dll
0x00007ffdb7f90000 - 0x00007ffdb80c7000 	C:\WINDOWS\SYSTEM32\WINHTTP.dll
0x00007ffdc0f50000 - 0x00007ffdc0fb9000 	C:\WINDOWS\system32\mswsock.dll
0x00007ffdafd80000 - 0x00007ffdafd96000 	C:\Program Files\Java\jdk-21\bin\nio.dll
0x00007ffdafd60000 - 0x00007ffdafd78000 	C:\Program Files\Java\jdk-21\bin\zip.dll
0x00007ffdb3820000 - 0x00007ffdb382a000 	C:\Program Files\Java\jdk-21\bin\management.dll
0x00007ffdafd50000 - 0x00007ffdafd5b000 	C:\Program Files\Java\jdk-21\bin\management_ext.dll
0x00007ffdc3b20000 - 0x00007ffdc3b28000 	C:\WINDOWS\System32\PSAPI.DLL
0x00007ffdafd40000 - 0x00007ffdafd4e000 	C:\Program Files\Java\jdk-21\bin\sunmscapi.dll
0x00007ffdc1be0000 - 0x00007ffdc1d46000 	C:\WINDOWS\System32\CRYPT32.dll
0x00007ffdc13c0000 - 0x00007ffdc13ee000 	C:\WINDOWS\SYSTEM32\ncrypt.dll
0x00007ffdc1380000 - 0x00007ffdc13b7000 	C:\WINDOWS\SYSTEM32\NTASN1.dll

dbghelp: loaded successfully - version: 4.0.5 - missing functions: none
symbol engine: initialized successfully - sym options: 0x614 - pdb path: .;C:\Program Files\Java\jdk-21\bin;C:\WINDOWS\SYSTEM32;C:\WINDOWS\WinSxS\amd64_microsoft.windows.common-controls_6595b64144ccf1df_6.0.22621.3235_none_270f74e173860f98;C:\Program Files\Java\jdk-21\bin\server

VM Arguments:
jvm_args: -Dfile.encoding=UTF-8 -Dstdout.encoding=UTF-8 -Dstderr.encoding=UTF-8 -XX:+ShowCodeDetailsInExceptionMessages 
java_command: com.springboot.todowebapp.TodowebappApplication
java_class_path (initial): F:\SpringBoot\todowebapp\todowebapp\target\classes;C:\Users\sanda\.m2\repository\org\springframework\boot\spring-boot-starter-web\3.3.0-M2\spring-boot-starter-web-3.3.0-M2.jar;C:\Users\sanda\.m2\repository\org\springframework\boot\spring-boot-starter\3.3.0-M2\spring-boot-starter-3.3.0-M2.jar;C:\Users\sanda\.m2\repository\org\springframework\boot\spring-boot-starter-logging\3.3.0-M2\spring-boot-starter-logging-3.3.0-M2.jar;C:\Users\sanda\.m2\repository\ch\qos\logback\logback-classic\1.4.14\logback-classic-1.4.14.jar;C:\Users\sanda\.m2\repository\ch\qos\logback\logback-core\1.4.14\logback-core-1.4.14.jar;C:\Users\sanda\.m2\repository\org\apache\logging\log4j\log4j-to-slf4j\2.23.0\log4j-to-slf4j-2.23.0.jar;C:\Users\sanda\.m2\repository\org\apache\logging\log4j\log4j-api\2.23.0\log4j-api-2.23.0.jar;C:\Users\sanda\.m2\repository\org\slf4j\jul-to-slf4j\2.0.12\jul-to-slf4j-2.0.12.jar;C:\Users\sanda\.m2\repository\jakarta\annotation\jakarta.annotation-api\2.1.1\jakarta.annotation-api-2.1.1.jar;C:\Users\sanda\.m2\repository\org\yaml\snakeyaml\2.2\snakeyaml-2.2.jar;C:\Users\sanda\.m2\repository\org\springframework\boot\spring-boot-starter-json\3.3.0-M2\spring-boot-starter-json-3.3.0-M2.jar;C:\Users\sanda\.m2\repository\com\fasterxml\jackson\core\jackson-databind\2.16.1\jackson-databind-2.16.1.jar;C:\Users\sanda\.m2\repository\com\fasterxml\jackson\core\jackson-annotations\2.16.1\jackson-annotations-2.16.1.jar;C:\Users\sanda\.m2\repository\com\fasterxml\jackson\core\jackson-core\2.16.1\jackson-core-2.16.1.jar;C:\Users\sanda\.m2\repository\com\fasterxml\jackson\datatype\jackson-datatype-jdk8\2.16.1\jackson-datatype-jdk8-2.16.1.jar;C:\Users\sanda\.m2\repository\com\fasterxml\jackson\datatype\jackson-datatype-jsr310\2.16.1\jackson-datatype-jsr310-2.16.1.jar;C:\Users\sanda\.m2\repository\com\fasterxml\jackson\module\jackson-module-parameter-names\2.16.1\jackson-module-parameter-names-2.16.1.jar;C:\Users\sanda\.m2\repository\org\springframework\boot\spring-boot-starter-tomcat\3.3.0-M2\spring-boot-starter-tomcat-3.3.0-M2.jar;C:\Users\sanda\.m2\repository\org\apache\tomcat\embed\tomcat-embed-websocket\10.1.19\tomcat-embed-websocket-10.1.19.jar;C:\Users\sanda\.m2\repository\org\springframework\spring-web\6.1.4\spring-web-6.1.4.jar;C:\Users\sanda\.m2\repository\org\springframework\spring-beans\6.1.4\spring-beans-6.1.4.jar;C:\Users\sanda\.m2\repository\io\micrometer\micrometer-observation\1.13.0-M1\micrometer-observation-1.13.0-M1.jar;C:\Users\sanda\.m2\repository\io\micrometer\micrometer-commons\1.13.0-M1\micrometer-commons-1.13.0-M1.jar;C:\Users\sanda\.m2\repository\org\springframework\spring-webmvc\6.1.4\spring-webmvc-6.1.4.jar;C:\Users\sanda\.m2\repository\org\springframework\spring-context\6.1.4\spring-context-6.1.4.jar;C:\Users\sanda\.m2\repository\org\springframework\spring-expression\6.1.4\spring-expression-6.1.4.jar;C:\Users\sanda\.m2\repository\org\apache\tomcat\embed\tomcat-embed-jasper\10.1.19\tomcat-embed-jasper-10.1.19.jar;C:\Users\sanda\.m2\repository\org\apache\tomcat\embed\tomcat-embed-core\10.1.19\tomcat-embed-core-10.1.19.jar;C:\Users\sanda\.m2\repository\org\apache\tomcat\tomcat-annotations-api\10.1.19\tomcat-annotations-api-10.1.19.jar;C:\Users\sanda\.m2\repository\org\apache\tomcat\embed\tomcat-embed-el\10.1.19\tomcat-embed-el-10.1.19.jar;C:\Users\sanda\.m2\repository\org\eclipse\jdt\ecj\3.33.0\ecj-3.33.0.jar;C:\Users\sanda\.m2\repository\org\springframework\boot\spring-boot-starter-validation\3.3.0-M2\spring-boot-starter-validation-3.3.0-M2.jar;C:\Users\sanda\.m2\repository\org\hibernate\validator\hibernate-validator\8.0.1.Final\hibernate-validator-8.0.1.Final.jar;C:\Users\sanda\.m2\repository\jakarta\validation\jakarta.validation-api\3.0.2\jakarta.validation-api-3.0.2.jar;C:\Users\sanda\.m2\repository\org\jboss\logging\jboss-logging\3.5.3.Final\jboss-logging-3.5.3.Final.jar;C:\Users\sanda\.m2\repository\com\fasterxml\classmate\1.7.0\classmate-1.7.0.jar;C:\Users\sanda\.m2\repository\jakarta\servlet\jsp\jstl\jakarta.servlet.jsp.jstl-api\3.0.0\jakarta.servlet.jsp.jstl-api-3.0.0.jar;C:\Users\sanda\.m2\repository\jakarta\servlet\jakarta.servlet-api\6.0.0\jakarta.servlet-api-6.0.0.jar;C:\Users\sanda\.m2\repository\jakarta\el\jakarta.el-api\5.0.0\jakarta.el-api-5.0.0.jar;C:\Users\sanda\.m2\repository\org\springframework\boot\spring-boot-starter-security\3.3.0-M2\spring-boot-starter-security-3.3.0-M2.jar;C:\Users\sanda\.m2\repository\org\springframework\spring-aop\6.1.4\spring-aop-6.1.4.jar;C:\Users\sanda\.m2\repository\org\springframework\security\spring-security-config\6.3.0-M2\spring-security-config-6.3.0-M2.jar;C:\Users\sanda\.m2\repository\org\springframework\security\spring-security-core\6.3.0-M2\spring-security-core-6.3.0-M2.jar;C:\Users\sanda\.m2\repository\org\springframework\security\spring-security-crypto\6.3.0-M2\spring-security-crypto-6.3.0-M2.jar;C:\Users\sanda\.m2\repository\org\springframework\security\spring-security-web\6.3.0-M2\spring-security-web-6.3.0-M2.jar;C:\Users\sanda\.m2\repository\org\glassfish\web\jakarta.servlet.jsp.jstl\3.0.1\jakarta.servlet.jsp.jstl-3.0.1.jar;C:\Users\sanda\.m2\repository\org\webjars\bootstrap-datepicker\1.9.0\bootstrap-datepicker-1.9.0.jar;C:\Users\sanda\.m2\repository\org\webjars\bootstrap\5.1.3\bootstrap-5.1.3.jar;C:\Users\sanda\.m2\repository\org\webjars\popper.js\2.9.3\popper.js-2.9.3.jar;C:\Users\sanda\.m2\repository\org\webjars\jquery\3.6.0\jquery-3.6.0.jar;C:\Users\sanda\.m2\repository\org\springframework\boot\spring-boot-devtools\3.3.0-M2\spring-boot-devtools-3.3.0-M2.jar;C:\Users\sanda\.m2\repository\org\springframework\boot\spring-boot\3.3.0-M2\spring-boot-3.3.0-M2.jar;C:\Users\sanda\.m2\repository\org\springframework\boot\spring-boot-autoconfigure\3.3.0-M2\spring-boot-autoconfigure-3.3.0-M2.jar;C:\Users\sanda\.m2\repository\org\slf4j\slf4j-api\2.0.12\slf4j-api-2.0.12.jar;C:\Users\sanda\.m2\repository\org\springframework\spring-core\6.1.4\spring-core-6.1.4.jar;C:\Users\sanda\.m2\repository\org\springframework\spring-jcl\6.1.4\spring-jcl-6.1.4.jar
Launcher Type: SUN_STANDARD

[Global flags]
     intx CICompilerCount                          = 4                                         {product} {ergonomic}
     uint ConcGCThreads                            = 2                                         {product} {ergonomic}
     uint G1ConcRefinementThreads                  = 8                                         {product} {ergonomic}
   size_t G1HeapRegionSize                         = 1048576                                   {product} {ergonomic}
    uintx GCDrainStackTargetSize                   = 64                                        {product} {ergonomic}
   size_t InitialHeapSize                          = 132120576                                 {product} {ergonomic}
   size_t MarkStackSize                            = 4194304                                   {product} {ergonomic}
   size_t MaxHeapSize                              = 2109734912                                {product} {ergonomic}
   size_t MaxNewSize                               = 1265631232                                {product} {ergonomic}
   size_t MinHeapDeltaBytes                        = 1048576                                   {product} {ergonomic}
   size_t MinHeapSize                              = 8388608                                   {product} {ergonomic}
    uintx NonNMethodCodeHeapSize                   = 5839372                                {pd product} {ergonomic}
    uintx NonProfiledCodeHeapSize                  = 122909434                              {pd product} {ergonomic}
    uintx ProfiledCodeHeapSize                     = 122909434                              {pd product} {ergonomic}
    uintx ReservedCodeCacheSize                    = 251658240                              {pd product} {ergonomic}
     bool SegmentedCodeCache                       = true                                      {product} {ergonomic}
     bool ShowCodeDetailsInExceptionMessages       = true                                   {manageable} {command line}
   size_t SoftMaxHeapSize                          = 2109734912                             {manageable} {ergonomic}
     bool UseCompressedOops                        = true                           {product lp64_product} {ergonomic}
     bool UseG1GC                                  = true                                      {product} {ergonomic}
     bool UseLargePagesIndividualAllocation        = false                                  {pd product} {ergonomic}

Logging:
Log output configuration:
 #0: stdout all=warning uptime,level,tags foldmultilines=false
 #1: stderr all=off uptime,level,tags foldmultilines=false

Environment Variables:
JAVA_HOME=C:\Program Files\Java\jdk-21
PATH=E:/eclipse//plugins/org.eclipse.justj.openjdk.hotspot.jre.full.win32.x86_64_17.0.10.v20240120-1143/jre/bin/server;E:/eclipse//plugins/org.eclipse.justj.openjdk.hotspot.jre.full.win32.x86_64_17.0.10.v20240120-1143/jre/bin;C:\Program Files\Java\jdk-21\bin;C:\Program Files\Common Files\Oracle\Java\javapath;C:\Windows\system32;C:\Windows;C:\Windows\System32\Wbem;C:\Windows\System32\WindowsPowerShell\v1.0\;C:\Windows\System32\OpenSSH\;C:\Program Files (x86)\NVIDIA Corporation\PhysX\Common;C:\Program Files\Intel\WiFi\bin\;C:\Program Files\Common Files\Intel\WirelessCommon\;C:\Program Files\dotnet\;C:\Program Files\Microsoft SQL Server\Client SDK\ODBC\170\Tools\Binn\;C:\Users\sanda\.AndroidStudio4.0\platform-tools;D:\Flutter SDK\flutter_windows_1.22.2-stable\flutter\bin;C:\WINDOWS\system32;C:\WINDOWS;C:\WINDOWS\System32\Wbem;C:\WINDOWS\System32\WindowsPowerShell\v1.0\;C:\WINDOWS\System32\OpenSSH\;C:\Program Files (x86)\Microsoft SQL Server\150\Tools\Binn\;C:\Program Files\Microsoft SQL Server\150\Tools\Binn\;C:\Program Files\Microsoft SQL Server\150\DTS\Binn\;C:\Program Files\Azure Data Studio\bin;E:\apache-maven-3.8.4\bin;C:\Program Files\Git\cmd;C:\Users\sanda\AppData\Local\Programs\Python\Python311;C:\Users\sanda\AppData\Local\Programs\PythonCodingPack\Scripts;C:\opencv\build\x64\vc14\bin;C:\Program Files\nodejs\node_modules\;C:\Users\sanda\AppData\Local\Programs\Python\Python311\Scripts\;C:\Users\sanda\AppData\Local\Programs\Python\Python311\;C:\Users\sanda\AppData\Local\Programs\PythonCodingPack\Scripts;C:\Users\sanda\AppData\Local\Programs\PythonCodingPack;C:\Program Files\MySQL\MySQL Shell 8.0\bin\;C:\Users\sanda\AppData\Local\Microsoft\WindowsApps;C:\Users\sanda\.AndroidStudio4.0\tools;C:\Users\sanda\.AndroidStudio4.0\platform-tools;C:\Program Files (x86)\Java\jdk1.8.0_171\bin;C:\Program Files\flutter\bin;C:\Program Files\Microsoft VS Code\bin;C:\Program Files\Azure Data Studio\bin;C:\Users\sanda\AppData\Roaming\npm;E:\eclipse;
USERNAME=sanda
OS=Windows_NT
PROCESSOR_IDENTIFIER=Intel64 Family 6 Model 142 Stepping 12, GenuineIntel
TMP=C:\Users\sanda\AppData\Local\Temp
TEMP=C:\Users\sanda\AppData\Local\Temp




Periodic native trim disabled

---------------  S Y S T E M  ---------------

OS:
 Windows 11 , 64 bit Build 22621 (10.0.22621.3235)
OS uptime: 4 days 0:35 hours

CPU: total 8 (initial active 8) (4 cores per cpu, 2 threads per core) family 6 model 142 stepping 12 microcode 0xde, cx8, cmov, fxsr, ht, mmx, 3dnowpref, sse, sse2, sse3, ssse3, sse4.1, sse4.2, popcnt, lzcnt, tsc, tscinvbit, avx, avx2, aes, erms, clmul, bmi1, bmi2, adx, fma, vzeroupper, clflush, clflushopt, rdtscp, f16c
Processor Information for all 8 processors :
  Max Mhz: 1992, Current Mhz: 1792, Mhz Limit: 1792

Memory: 4k page, system-wide physical 8043M (608M free)
TotalPageFile size 14552M (AvailPageFile size 4M)
current process WorkingSet (physical memory assigned to process): 137M, peak: 139M
current process commit charge ("private bytes"): 263M, peak: 265M

vm_info: Java HotSpot(TM) 64-Bit Server VM (21.0.2+13-LTS-58) for windows-amd64 JRE (21.0.2+13-LTS-58), built on 2024-01-05T18:32:24Z by "mach5one" with MS VC++ 17.1 (VS2022)

END.
